#
# A fatal error has been detected by the Java Runtime Environment:
#
#  EXCEPTION_ACCESS_VIOLATION (0xc0000005) at pc=0x0000014f0bcb0f84, pid=11248, tid=30668
#
# JRE version: OpenJDK Runtime Environment Temurin-21.0.6+7 (21.0.6+7) (build 21.0.6+7-LTS)
# Java VM: OpenJDK 64-Bit Server VM Temurin-21.0.6+7 (21.0.6+7-LTS, mixed mode, emulated-client, sharing, tiered, compressed oops, compressed class ptrs, g1 gc, windows-amd64)
# Problematic frame:
# v  ~BufferBlob::MethodHandles adapters 0x0000014f0bcb0f84
#
# No core dump will be written. Minidumps are not enabled by default on client versions of Windows
#
# If you would like to submit a bug report, please visit:
#   https://github.com/adoptium/adoptium-support/issues
#

---------------  S U M M A R Y ------------

Command Line: -XX:+ShowCodeDetailsInExceptionMessages -agentlib:jdwp=transport=dt_socket,suspend=y,address=localhost:49603 -Dcom.sun.management.jmxremote -Dcom.sun.management.jmxremote.port=49602 -Dcom.sun.management.jmxremote.authenticate=false -Dcom.sun.management.jmxremote.ssl=false -Djava.rmi.server.hostname=localhost -Dspring.jmx.enabled=true -Dmanagement.endpoints.jmx.exposure.include=* -Dspring.application.admin.enabled=true -Dspring.output.ansi.enabled=always -XX:TieredStopAtLevel=1 -Dspring.boot.project.name=mut -javaagent:C:\Users\nicol\eclipse\jee-2025-03\eclipse\configuration\org.eclipse.osgi\440\0\.cp\lib\javaagent-shaded.jar -Dfile.encoding=UTF-8 -Dstdout.encoding=UTF-8 -Dstderr.encoding=UTF-8 com.projeto.mut.MutApplication

Host: AMD Ryzen 5 5600GT with Radeon Graphics        , 12 cores, 7G,  Windows 11 , 64 bit Build 26100 (10.0.26100.3775)
Time: Mon Apr 21 18:21:49 2025 Hora oficial do Brasil elapsed time: 787.906830 seconds (0d 0h 13m 7s)

---------------  T H R E A D  ---------------

Current thread (0x0000014f5b1d1940):  JavaThread "http-nio-8080-exec-5" daemon [_thread_in_Java, id=30668, stack(0x0000000867800000,0x0000000867900000) (1024K)]

Stack: [0x0000000867800000,0x0000000867900000],  sp=0x00000008678f9dd8,  free space=999k
Native frames: (J=compiled Java code, j=interpreted, Vv=VM code, C=native code)
C  0x0000014f0bcb0f84

The last pc belongs to _linkToVirtual (printed below).

siginfo: EXCEPTION_ACCESS_VIOLATION (0xc0000005), reading address 0x000003c2ee393712


Registers:
RAX=0x0000014f0bc8958b, RBX=0x000000008be9bd38, RCX=0x00000008678f9de0, RDX=0x0000000000000002
RSP=0x00000008678f9dd8, RBP=0x00000008678f9e28, RSI=0x0000014f5b9e1eb8, RDI=0x0000014f5b2bb6e0
R8 =0x0000000000000004, R9 =0x0000000000000004, R10=0x0000014f2a72950a, R11=0x0000004e7878d409
R12=0x0000000000000000, R13=0x00000008678f9dd8, R14=0x00000008678f9e48, R15=0x0000014f5b1d1940
RIP=0x0000014f0bcb0f84, EFLAGS=0x0000000000010206

XMM[0]=0x0000000000000000 0x0000000000000000
XMM[1]=0x0000000000000000 0x0000000000000000
XMM[2]=0x0000000000000000 0x0000000000000000
XMM[3]=0x0000000000000000 0x0000000000000000
XMM[4]=0x0000000000000000 0x0000000000000000
XMM[5]=0x0000000000000000 0x0000000000000000
XMM[6]=0x0000000000000000 0x0000000000000000
XMM[7]=0x0000000000000000 0x0000000000000000
XMM[8]=0x0000000000000000 0x0000000000000000
XMM[9]=0x0000000000000000 0x0000000000000000
XMM[10]=0x0000000000000000 0x0000000000000000
XMM[11]=0x0000000000000000 0x0000000000000000
XMM[12]=0x0000000000000000 0x0000000000000000
XMM[13]=0x0000000000000000 0x0000000000000000
XMM[14]=0x0000000000000000 0x0000000000000000
XMM[15]=0x0000000000000000 0x0000000000000000
  MXCSR=0x00001fa0


Register to memory mapping:

RAX=0x0000014f0bc8958b is at code_begin+4363 in an Interpreter codelet
return entry points  [0x0000014f0bc88480, 0x0000014f0bc8a298]  7704 bytes
RBX=0x000000008be9bd38 is an oop: com.projeto.mut.controller.ConfiguracaoController 
{0x000000008be9bd38} - klass: 'com/projeto/mut/controller/ConfiguracaoController'
 - ---- fields (total size 2 words):
 - private 'configuracaoService' 'Lcom/projeto/mut/service/ConfiguracaoService;' @12  a 'com/projeto/mut/service/ConfiguracaoService'{0x000000008b7eca68} (0x8b7eca68)
RCX=0x00000008678f9de0 is pointing into the stack for thread: 0x0000014f5b1d1940
RDX=0x0000000000000002 is an unknown value
RSP=0x00000008678f9dd8 is pointing into the stack for thread: 0x0000014f5b1d1940
RBP=0x00000008678f9e28 is pointing into the stack for thread: 0x0000014f5b1d1940
RSI=0x0000014f5b9e1eb8 points into unknown readable memory: 0x8000147187460756 | 56 07 46 87 71 14 00 80
RDI=0x0000014f5b2bb6e0 points into unknown readable memory: 0x0000001800000060 | 60 00 00 00 18 00 00 00
R8 =0x0000000000000004 is an unknown value
R9 =0x0000000000000004 is an unknown value
R10=0x0000014f2a72950a is an unknown value
R11=0x0000004e7878d409 is an unknown value
R12=0x0 is null
R13=0x00000008678f9dd8 is pointing into the stack for thread: 0x0000014f5b1d1940
R14=0x00000008678f9e48 is pointing into the stack for thread: 0x0000014f5b1d1940
R15=0x0000014f5b1d1940 is a thread

Top of Stack: (sp=0x00000008678f9dd8)
0x00000008678f9dd8:   0000014f0bc8958b 00000008678f9de0
0x00000008678f9de8:   0000014f1572950a 0000000000000004
0x00000008678f9df8:   0000014f150b1088 0000000000000000
0x00000008678f9e08:   0000000089ee3d58 0000014f150b3bd8
0x00000008678f9e18:   00000008678f9dd8 00000008678f9e50
0x00000008678f9e28:   00000008678fa168 0000014f0c5152a8
0x00000008678f9e38:   000000008c693d78 000000008be9bd38
0x00000008678f9e48:   000000008c693d50 0000014f0c6e5180
0x00000008678f9e58:   0000014f0c6e5538 000000008b100d70
0x00000008678f9e68:   000000008c693da8 000000008be9bd38
0x00000008678f9e78:   000000008c693dd0 000000008c693d50
0x00000008678f9e88:   000000008be9bd38 0000014f0c5151e4
0x00000008678f9e98:   0000014f0be8f41e 00000008678fa168
0x00000008678f9ea8:   0000014f0c6ddaca 00000008678f8cc0
0x00000008678f9eb8:   00007ff91a1e7488 000000008bf82118
0x00000008678f9ec8:   000000008af4bc80 0000000000000000
0x00000008678f9ed8:   0000000000000000 00000008678f9f58
0x00000008678f9ee8:   0000000000000001 0000000000000000
0x00000008678f9ef8:   00007ff91a297621 00000008678fa168
0x00000008678f9f08:   0000014f0bf9a7c4 0000014f5b1d1940
0x00000008678f9f18:   0000000000000001 00000008678fa0a0
0x00000008678f9f28:   0000000000000c00 0000000000000000
0x00000008678f9f38:   0000000000000000 0000000000000000
0x00000008678f9f48:   0000000000000000 0000000000000000
0x00000008678f9f58:   0000000000000000 000000008c693df8
0x00000008678f9f68:   000000008b317fb0 000000008be9bd38
0x00000008678f9f78:   00007ff91a4bb300 0000014f5b1d1940
0x00000008678f9f88:   000000008be9bd48 000000008af4bc80
0x00000008678f9f98:   000000008b100d70 000000008b100d70
0x00000008678f9fa8:   0000014f00000001 000000008bf82118
0x00000008678f9fb8:   000000008bf82118 00000000daecab00
0x00000008678f9fc8:   000000008c693da8 00000008678fa168 

Instructions: (pc=0x0000014f0bcb0f84)
0x0000014f0bcb0e84:   00 00 00 00 01 00 00 00 00 00 00 00 98 86 a4 1a
0x0000014f0bcb0e94:   f9 7f 00 00 00 0f cb 0b 4f 01 00 00 80 1f cb 0b
0x0000014f0bcb0ea4:   4f 01 00 00 00 0f cb 0b 4f 01 00 00 80 1f cb 0b
0x0000014f0bcb0eb4:   4f 01 00 00 f0 0e cb 0b 4f 01 00 00 f0 0e cb 0b
0x0000014f0bcb0ec4:   4f 01 00 00 00 00 00 00 00 00 00 00 38 87 a4 1a
0x0000014f0bcb0ed4:   f9 7f 00 00 f0 10 00 00 60 00 00 00 ff ff ff ff
0x0000014f0bcb0ee4:   f0 10 00 00 00 00 00 00 00 00 00 00 00 00 00 00
0x0000014f0bcb0ef4:   00 00 00 00 00 00 00 00 00 00 00 00 f4 66 66 66
0x0000014f0bcb0f04:   0f 1f 84 00 00 00 00 00 66 66 0f 1f 84 00 00 00
0x0000014f0bcb0f14:   00 00 66 66 0f 1f 84 00 00 00 00 00 48 8b 53 08
0x0000014f0bcb0f24:   0f b7 52 2e 48 8b 0c d4 8b 59 14 8b 5b 28 8b 5b
0x0000014f0bcb0f34:   24 48 8b 5b 10 48 85 db 0f 84 10 00 00 00 41 80
0x0000014f0bcb0f44:   bf d8 05 00 00 00 74 03 ff 63 38 ff 63 50 e9 a9
0x0000014f0bcb0f54:   16 00 00 66 0f 1f 84 00 00 00 00 00 48 8b 53 08
0x0000014f0bcb0f64:   0f b7 52 2e 48 8b 0c d4 58 5b 50 44 8b 51 08 49
0x0000014f0bcb0f74:   bb 00 00 00 15 4f 01 00 00 4d 03 d3 4c 8b 5b 10
0x0000014f0bcb0f84:   4b 8b 9c da c0 01 00 00 48 85 db 0f 84 10 00 00
0x0000014f0bcb0f94:   00 41 80 bf d8 05 00 00 00 74 03 ff 63 38 ff 63
0x0000014f0bcb0fa4:   50 e9 56 16 00 00 66 66 66 0f 1f 84 00 00 00 00
0x0000014f0bcb0fb4:   00 66 66 66 0f 1f 84 00 00 00 00 00 58 5b 50 8b
0x0000014f0bcb0fc4:   5b 24 48 8b 5b 10 48 85 db 0f 84 10 00 00 00 41
0x0000014f0bcb0fd4:   80 bf d8 05 00 00 00 74 03 ff 63 38 ff 63 50 e9
0x0000014f0bcb0fe4:   18 16 00 00 66 66 66 0f 1f 84 00 00 00 00 00 0f
0x0000014f0bcb0ff4:   1f 80 00 00 00 00 66 0f 1f 44 00 00 48 8b 53 08
0x0000014f0bcb1004:   0f b7 52 2e 48 8b 0c d4 58 5b 50 48 3b 01 8b 5b
0x0000014f0bcb1014:   24 48 8b 5b 10 48 85 db 0f 84 10 00 00 00 41 80
0x0000014f0bcb1024:   bf d8 05 00 00 00 74 03 ff 63 38 ff 63 50 e9 c9
0x0000014f0bcb1034:   15 00 00 66 0f 1f 84 00 00 00 00 00 48 8b 53 08
0x0000014f0bcb1044:   0f b7 52 2e 48 8b 0c d4 58 5b 50 44 8b 51 08 49
0x0000014f0bcb1054:   bb 00 00 00 15 4f 01 00 00 4d 03 d3 8b 43 18 48
0x0000014f0bcb1064:   8b 40 10 48 8b 5b 10 45 8b 9a a0 00 00 00 4f 8d
0x0000014f0bcb1074:   9c da c0 01 00 00 4d 8d 14 da 49 8b 1b 48 3b c3 


Stack slot to memory mapping:

stack at sp + 0 slots: 0x0000014f0bc8958b is at code_begin+4363 in an Interpreter codelet
return entry points  [0x0000014f0bc88480, 0x0000014f0bc8a298]  7704 bytes
stack at sp + 1 slots: 0x00000008678f9de0 is pointing into the stack for thread: 0x0000014f5b1d1940
stack at sp + 2 slots: 0x0000014f1572950a is pointing into metadata
stack at sp + 3 slots: 0x0000000000000004 is an unknown value
stack at sp + 4 slots: 0x0000014f150b1088 is pointing into metadata
stack at sp + 5 slots: 0x0 is null
stack at sp + 6 slots: 0x0000000089ee3d58 is an oop: java.lang.Class 
{0x0000000089ee3d58} - klass: 'java/lang/Class'
 - ---- fields (total size 14 words):
 - private volatile transient 'classRedefinedCount' 'I' @12  0 (0x00000000)
 - injected 'klass' 'J' @16  1439167089760 (0x0000014f150b0c60)
 - injected 'array_klass' 'J' @24  0 (0x0000000000000000)
 - injected 'oop_size' 'I' @32  14 (0x0000000e)
 - injected 'static_oop_field_count' 'I' @36  0 (0x00000000)
 - private volatile transient 'cachedConstructor' 'Ljava/lang/reflect/Constructor;' @40  null (0x00000000)
 - private transient 'name' 'Ljava/lang/String;' @44  null (0x00000000)
 - private transient 'module' 'Ljava/lang/Module;' @48  a 'java/lang/Module'{0x0000000089f3e858} (0x89f3e858)
 - private final 'classLoader' 'Ljava/lang/ClassLoader;' @52  null (0x00000000)
 - private transient 'classData' 'Ljava/lang/Object;' @56  null (0x00000000)
 - private transient 'packageName' 'Ljava/lang/String;' @60  null (0x00000000)
 - private final 'componentType' 'Ljava/lang/Class;' @64  null (0x00000000)
 - private volatile transient 'reflectionData' 'Ljava/lang/ref/SoftReference;' @68  null (0x00000000)
 - private volatile transient 'genericInfo' 'Lsun/reflect/generics/repository/ClassRepository;' @72  null (0x00000000)
 - private volatile transient 'enumConstants' '[Ljava/lang/Object;' @76  null (0x00000000)
 - private volatile transient 'enumConstantDirectory' 'Ljava/util/Map;' @80  null (0x00000000)
 - private volatile transient 'annotationData' 'Ljava/lang/Class$AnnotationData;' @84  null (0x00000000)
 - private volatile transient 'annotationType' 'Lsun/reflect/annotation/AnnotationType;' @88  null (0x00000000)
 - transient 'classValueMap' 'Ljava/lang/ClassValue$ClassValueMap;' @92  null (0x00000000)
 - injected 'protection_domain' 'Ljava/lang/Object;' @96  null (0x00000000)
 - injected 'signers_name' 'Ljava/lang/Object;' @100  null (0x00000000)
 - injected 'source_file' 'Ljava/lang/Object;' @104  null (0x00000000)
 - injected '<init_lock>' 'Ljava/lang/Object;' @108  null (0x00000000)
 - signature: Ljava/lang/invoke/DirectMethodHandle$Holder;
 - ---- static fields (0):
stack at sp + 7 slots: {method} {0x0000014f150b3be0} 'invokeVirtual' '(Ljava/lang/Object;Ljava/lang/Object;)Ljava/lang/Object;' in 'java/lang/invoke/DirectMethodHandle$Holder'

MethodHandle::interpreter_entry::_linkToVirtual [0x0000014f0bcb0f57, 0x0000014f0bcb0faa] (83 bytes)
[MachCode]
  0x0000014f0bcb0f57: 660f 1f84 | 0000 0000 | 0048 8b53 | 080f b752 | 2e48 8b0c | d458 5b50 | 448b 5108 | 49bb 0000 
  0x0000014f0bcb0f77: 0015 4f01 | 0000 4d03 | d34c 8b5b | 104b 8b9c | dac0 0100 | 0048 85db | 0f84 1000 | 0000 4180 
  0x0000014f0bcb0f97: bfd8 0500 | 0000 7403 | ff63 38ff | 6350 e956 | 
[/MachCode]

---------------  P R O C E S S  ---------------

Threads class SMR info:
_java_thread_list=0x0000014f5d133240, length=38, elements={
0x0000014f138cefc0, 0x0000014f138d1a20, 0x0000014f138dec60, 0x0000014f138e0010,
0x0000014f138df980, 0x0000014f138dd8b0, 0x0000014f141800a0, 0x0000014f138ddf40,
0x0000014f142d61d0, 0x0000014f142dc950, 0x0000014f142df500, 0x0000014f138de5d0,
0x0000014f138df2f0, 0x0000014f138dcb90, 0x0000014f138dd220, 0x0000014f5a469e00,
0x0000014f5a467010, 0x0000014f5a468a50, 0x0000014f5a4683c0, 0x0000014f5a46dfa0,
0x0000014f5b1d5ae0, 0x0000014f5a4690e0, 0x0000014f5a46d910, 0x0000014f5a46ab20,
0x0000014f5a46b840, 0x0000014f5a46b1b0, 0x0000014f5a46bed0, 0x0000014f5a46c560,
0x0000014f5b1d40a0, 0x0000014f5b1d4730, 0x0000014f5b1d1940, 0x0000014f5b1d5450,
0x0000014f5b1d2cf0, 0x0000014f5b1d1fd0, 0x0000014f5b1d3380, 0x0000014f5b1d4dc0,
0x0000014f5b1d3a10, 0x0000014f5b1d2660
}

Java Threads: ( => current thread )
  0x0000014f138cefc0 JavaThread "Reference Handler"          daemon [_thread_blocked, id=27264, stack(0x0000000864a00000,0x0000000864b00000) (1024K)]
  0x0000014f138d1a20 JavaThread "Finalizer"                  daemon [_thread_blocked, id=19112, stack(0x0000000864b00000,0x0000000864c00000) (1024K)]
  0x0000014f138dec60 JavaThread "Signal Dispatcher"          daemon [_thread_blocked, id=25664, stack(0x0000000864c00000,0x0000000864d00000) (1024K)]
  0x0000014f138e0010 JavaThread "Attach Listener"            daemon [_thread_blocked, id=30492, stack(0x0000000864d00000,0x0000000864e00000) (1024K)]
  0x0000014f138df980 JavaThread "Service Thread"             daemon [_thread_blocked, id=32944, stack(0x0000000864e00000,0x0000000864f00000) (1024K)]
  0x0000014f138dd8b0 JavaThread "Monitor Deflation Thread"   daemon [_thread_blocked, id=20104, stack(0x0000000864f00000,0x0000000865000000) (1024K)]
  0x0000014f141800a0 JavaThread "C1 CompilerThread0"         daemon [_thread_blocked, id=28072, stack(0x0000000865000000,0x0000000865100000) (1024K)]
  0x0000014f138ddf40 JavaThread "Common-Cleaner"             daemon [_thread_blocked, id=2524, stack(0x0000000865100000,0x0000000865200000) (1024K)]
  0x0000014f142d61d0 JavaThread "JDWP Transport Listener: dt_socket" daemon [_thread_blocked, id=30696, stack(0x0000000865300000,0x0000000865400000) (1024K)]
  0x0000014f142dc950 JavaThread "JDWP Event Helper Thread"   daemon [_thread_blocked, id=12500, stack(0x0000000865400000,0x0000000865500000) (1024K)]
  0x0000014f142df500 JavaThread "JDWP Command Reader"        daemon [_thread_in_native, id=33704, stack(0x0000000865500000,0x0000000865600000) (1024K)]
  0x0000014f138de5d0 JavaThread "Notification Thread"        daemon [_thread_blocked, id=31520, stack(0x0000000865600000,0x0000000865700000) (1024K)]
  0x0000014f138df2f0 JavaThread "RMI TCP Accept-0"           daemon [_thread_in_native, id=33344, stack(0x0000000865900000,0x0000000865a00000) (1024K)]
  0x0000014f138dcb90 JavaThread "RMI TCP Accept-49602"       daemon [_thread_in_native, id=15116, stack(0x0000000865a00000,0x0000000865b00000) (1024K)]
  0x0000014f138dd220 JavaThread "RMI TCP Accept-0"           daemon [_thread_in_native, id=24436, stack(0x0000000866400000,0x0000000866500000) (1024K)]
  0x0000014f5a469e00 JavaThread "RMI Scheduler(0)"           daemon [_thread_blocked, id=33432, stack(0x0000000866600000,0x0000000866700000) (1024K)]
  0x0000014f5a467010 JavaThread "RMI TCP Connection(15)-127.0.0.1" daemon [_thread_in_native, id=28828, stack(0x0000000866700000,0x0000000866800000) (1024K)]
  0x0000014f5a468a50 JavaThread "JMX server connection timeout 40" daemon [_thread_blocked, id=27440, stack(0x0000000866800000,0x0000000866900000) (1024K)]
  0x0000014f5a4683c0 JavaThread "PostgreSQL-JDBC-Cleaner"    daemon [_thread_blocked, id=19952, stack(0x0000000866e00000,0x0000000866f00000) (1024K)]
  0x0000014f5a46dfa0 JavaThread "Live Reload Server"         daemon [_thread_in_native, id=31896, stack(0x0000000867600000,0x0000000867700000) (1024K)]
  0x0000014f5b1d5ae0 JavaThread "DestroyJavaVM"                     [_thread_blocked, id=14496, stack(0x0000000864200000,0x0000000864300000) (1024K)]
  0x0000014f5a4690e0 JavaThread "HikariPool-3 housekeeper"   daemon [_thread_blocked, id=28596, stack(0x0000000865800000,0x0000000865900000) (1024K)]
  0x0000014f5a46d910 JavaThread "Catalina-utility-1"                [_thread_blocked, id=18800, stack(0x0000000866f00000,0x0000000867000000) (1024K)]
  0x0000014f5a46ab20 JavaThread "Catalina-utility-2"                [_thread_blocked, id=27628, stack(0x0000000867000000,0x0000000867100000) (1024K)]
  0x0000014f5a46b840 JavaThread "container-0"                       [_thread_blocked, id=29304, stack(0x0000000867100000,0x0000000867200000) (1024K)]
  0x0000014f5a46b1b0 JavaThread "File Watcher"               daemon [_thread_blocked, id=33164, stack(0x0000000867200000,0x0000000867300000) (1024K)]
  0x0000014f5a46bed0 JavaThread "http-nio-8080-exec-1"       daemon [_thread_blocked, id=17884, stack(0x0000000867300000,0x0000000867400000) (1024K)]
  0x0000014f5a46c560 JavaThread "http-nio-8080-exec-2"       daemon [_thread_blocked, id=3300, stack(0x0000000867400000,0x0000000867500000) (1024K)]
  0x0000014f5b1d40a0 JavaThread "http-nio-8080-exec-3"       daemon [_thread_blocked, id=31780, stack(0x0000000867500000,0x0000000867600000) (1024K)]
  0x0000014f5b1d4730 JavaThread "http-nio-8080-exec-4"       daemon [_thread_blocked, id=32004, stack(0x0000000867700000,0x0000000867800000) (1024K)]
=>0x0000014f5b1d1940 JavaThread "http-nio-8080-exec-5"       daemon [_thread_in_Java, id=30668, stack(0x0000000867800000,0x0000000867900000) (1024K)]
  0x0000014f5b1d5450 JavaThread "http-nio-8080-exec-6"       daemon [_thread_blocked, id=21640, stack(0x0000000867900000,0x0000000867a00000) (1024K)]
  0x0000014f5b1d2cf0 JavaThread "http-nio-8080-exec-7"       daemon [_thread_blocked, id=32616, stack(0x0000000867a00000,0x0000000867b00000) (1024K)]
  0x0000014f5b1d1fd0 JavaThread "http-nio-8080-exec-8"       daemon [_thread_blocked, id=7300, stack(0x0000000867b00000,0x0000000867c00000) (1024K)]
  0x0000014f5b1d3380 JavaThread "http-nio-8080-exec-9"       daemon [_thread_blocked, id=7816, stack(0x0000000867c00000,0x0000000867d00000) (1024K)]
  0x0000014f5b1d4dc0 JavaThread "http-nio-8080-exec-10"      daemon [_thread_blocked, id=32464, stack(0x0000000867d00000,0x0000000867e00000) (1024K)]
  0x0000014f5b1d3a10 JavaThread "http-nio-8080-Poller"       daemon [_thread_in_native, id=29556, stack(0x0000000867e00000,0x0000000867f00000) (1024K)]
  0x0000014f5b1d2660 JavaThread "http-nio-8080-Acceptor"     daemon [_thread_in_native, id=31548, stack(0x0000000867f00000,0x0000000868000000) (1024K)]
Total: 38

Other Threads:
  0x0000014f138af800 VMThread "VM Thread"                           [id=20240, stack(0x0000000864900000,0x0000000864a00000) (1024K)]
  0x0000014f1389c0c0 WatcherThread "VM Periodic Task Thread"        [id=32620, stack(0x0000000864800000,0x0000000864900000) (1024K)]
  0x0000014f036014f0 WorkerThread "GC Thread#0"                     [id=27308, stack(0x0000000864300000,0x0000000864400000) (1024K)]
  0x0000014f5a42ed30 WorkerThread "GC Thread#1"                     [id=28488, stack(0x0000000865b00000,0x0000000865c00000) (1024K)]
  0x0000014f5a4c3f70 WorkerThread "GC Thread#2"                     [id=31940, stack(0x0000000865c00000,0x0000000865d00000) (1024K)]
  0x0000014f5a4c4310 WorkerThread "GC Thread#3"                     [id=33084, stack(0x0000000865d00000,0x0000000865e00000) (1024K)]
  0x0000014f5a4c66c0 WorkerThread "GC Thread#4"                     [id=21040, stack(0x0000000865e00000,0x0000000865f00000) (1024K)]
  0x0000014f5a4c7280 WorkerThread "GC Thread#5"                     [id=27084, stack(0x0000000865f00000,0x0000000866000000) (1024K)]
  0x0000014f5a4c8340 WorkerThread "GC Thread#6"                     [id=18128, stack(0x0000000866000000,0x0000000866100000) (1024K)]
  0x0000014f5a4c9010 WorkerThread "GC Thread#7"                     [id=24944, stack(0x0000000866100000,0x0000000866200000) (1024K)]
  0x0000014f5a4c9bd0 WorkerThread "GC Thread#8"                     [id=31168, stack(0x0000000866200000,0x0000000866300000) (1024K)]
  0x0000014f5a4c9f70 WorkerThread "GC Thread#9"                     [id=19820, stack(0x0000000866300000,0x0000000866400000) (1024K)]
  0x0000014f03611e10 ConcurrentGCThread "G1 Main Marker"            [id=5164, stack(0x0000000864400000,0x0000000864500000) (1024K)]
  0x0000014f03614cf0 WorkerThread "G1 Conc#0"                       [id=28228, stack(0x0000000864500000,0x0000000864600000) (1024K)]
  0x0000014f5ac02fa0 WorkerThread "G1 Conc#1"                       [id=19564, stack(0x0000000866c00000,0x0000000866d00000) (1024K)]
  0x0000014f5ac024c0 WorkerThread "G1 Conc#2"                       [id=15760, stack(0x0000000866d00000,0x0000000866e00000) (1024K)]
  0x0000014f0365e300 ConcurrentGCThread "G1 Refine#0"               [id=25036, stack(0x0000000864600000,0x0000000864700000) (1024K)]
  0x0000014f0365eb20 ConcurrentGCThread "G1 Service"                [id=27160, stack(0x0000000864700000,0x0000000864800000) (1024K)]
Total: 18

Threads with active compile tasks:
Total: 0

VM state: not at safepoint (normal execution)

VM Mutex/Monitor currently owned by a thread: None

Heap address: 0x0000000089a00000, size: 1894 MB, Compressed Oops mode: 32-bit

CDS archive(s) mapped at: [0x0000014f15000000-0x0000014f15c80000-0x0000014f15c80000), size 13107200, SharedBaseAddress: 0x0000014f15000000, ArchiveRelocationMode: 1.
Compressed class space mapped at: 0x0000014f16000000-0x0000014f56000000, reserved size: 1073741824
Narrow klass base: 0x0000014f15000000, Narrow klass shift: 0, Narrow klass range: 0x100000000

GC Precious Log:
 CardTable entry size: 512
 Card Set container configuration: InlinePtr #cards 5 size 8 Array Of Cards #cards 12 size 40 Howl #buckets 4 coarsen threshold 1843 Howl Bitmap #cards 512 size 80 coarsen threshold 460 Card regions per heap region 1 cards per card region 2048
 CPUs: 12 total, 12 available
 Memory: 7569M
 Large Page Support: Disabled
 NUMA Support: Disabled
 Compressed Oops: Enabled (32-bit)
 Heap Region Size: 1M
 Heap Min Capacity: 8M
 Heap Initial Capacity: 120M
 Heap Max Capacity: 1894M
 Pre-touch: Disabled
 Parallel Workers: 10
 Concurrent Workers: 3
 Concurrent Refinement Workers: 10
 Periodic GC: Disabled

Heap:
 garbage-first heap   total 78848K, used 59903K [0x0000000089a00000, 0x0000000100000000)
  region size 1024K, 29 young (29696K), 4 survivors (4096K)
 Metaspace       used 77306K, committed 78016K, reserved 1179648K
  class space    used 10835K, committed 11136K, reserved 1048576K

Heap Regions: E=young(eden), S=young(survivor), O=old, HS=humongous(starts), HC=humongous(continues), CS=collection set, F=free, TAMS=top-at-mark-start, PB=parsable bottom
|   0|0x0000000089a00000, 0x0000000089b00000, 0x0000000089b00000|100%|HS|  |TAMS 0x0000000089a00000| PB 0x0000000089a00000| Untracked 
|   1|0x0000000089b00000, 0x0000000089c00000, 0x0000000089c00000|100%|HS|  |TAMS 0x0000000089b00000| PB 0x0000000089b00000| Untracked 
|   2|0x0000000089c00000, 0x0000000089cfffb0, 0x0000000089d00000| 99%| O|  |TAMS 0x0000000089c00000| PB 0x0000000089c00000| Untracked 
|   3|0x0000000089d00000, 0x0000000089e00000, 0x0000000089e00000|100%| O|  |TAMS 0x0000000089d00000| PB 0x0000000089d00000| Untracked 
|   4|0x0000000089e00000, 0x0000000089efffc0, 0x0000000089f00000| 99%| O|  |TAMS 0x0000000089e00000| PB 0x0000000089e00000| Untracked 
|   5|0x0000000089f00000, 0x0000000089ffffc0, 0x000000008a000000| 99%| O|  |TAMS 0x0000000089f00000| PB 0x0000000089f00000| Untracked 
|   6|0x000000008a000000, 0x000000008a100000, 0x000000008a100000|100%| O|  |TAMS 0x000000008a000000| PB 0x000000008a000000| Untracked 
|   7|0x000000008a100000, 0x000000008a1fffa8, 0x000000008a200000| 99%| O|  |TAMS 0x000000008a100000| PB 0x000000008a100000| Untracked 
|   8|0x000000008a200000, 0x000000008a2fffe8, 0x000000008a300000| 99%| O|  |TAMS 0x000000008a200000| PB 0x000000008a200000| Untracked 
|   9|0x000000008a300000, 0x000000008a3fffd0, 0x000000008a400000| 99%| O|  |TAMS 0x000000008a300000| PB 0x000000008a300000| Untracked 
|  10|0x000000008a400000, 0x000000008a4ffff8, 0x000000008a500000| 99%| O|  |TAMS 0x000000008a400000| PB 0x000000008a400000| Untracked 
|  11|0x000000008a500000, 0x000000008a5fffd8, 0x000000008a600000| 99%| O|  |TAMS 0x000000008a500000| PB 0x000000008a500000| Untracked 
|  12|0x000000008a600000, 0x000000008a6fffe0, 0x000000008a700000| 99%| O|  |TAMS 0x000000008a600000| PB 0x000000008a600000| Untracked 
|  13|0x000000008a700000, 0x000000008a7fffd8, 0x000000008a800000| 99%| O|  |TAMS 0x000000008a700000| PB 0x000000008a700000| Untracked 
|  14|0x000000008a800000, 0x000000008a8ffff8, 0x000000008a900000| 99%| O|  |TAMS 0x000000008a800000| PB 0x000000008a800000| Untracked 
|  15|0x000000008a900000, 0x000000008a9fffe8, 0x000000008aa00000| 99%| O|  |TAMS 0x000000008a900000| PB 0x000000008a900000| Untracked 
|  16|0x000000008aa00000, 0x000000008ab00000, 0x000000008ab00000|100%| O|  |TAMS 0x000000008aa00000| PB 0x000000008aa00000| Untracked 
|  17|0x000000008ab00000, 0x000000008abffff0, 0x000000008ac00000| 99%| O|  |TAMS 0x000000008ab00000| PB 0x000000008ab00000| Untracked 
|  18|0x000000008ac00000, 0x000000008acb5bd8, 0x000000008ad00000| 70%| O|  |TAMS 0x000000008ac00000| PB 0x000000008ac00000| Untracked 
|  19|0x000000008ad00000, 0x000000008adffff8, 0x000000008ae00000| 99%| O|  |TAMS 0x000000008ad00000| PB 0x000000008ad00000| Untracked 
|  20|0x000000008ae00000, 0x000000008aeffff0, 0x000000008af00000| 99%| O|  |TAMS 0x000000008ae00000| PB 0x000000008ae00000| Untracked 
|  21|0x000000008af00000, 0x000000008affffe8, 0x000000008b000000| 99%| O|  |TAMS 0x000000008af00000| PB 0x000000008af00000| Untracked 
|  22|0x000000008b000000, 0x000000008b065388, 0x000000008b100000| 39%| O|  |TAMS 0x000000008b000000| PB 0x000000008b000000| Untracked 
|  23|0x000000008b100000, 0x000000008b200000, 0x000000008b200000|100%| O|  |TAMS 0x000000008b100000| PB 0x000000008b100000| Untracked 
|  24|0x000000008b200000, 0x000000008b27a6b8, 0x000000008b300000| 47%| O|  |TAMS 0x000000008b200000| PB 0x000000008b200000| Untracked 
|  25|0x000000008b300000, 0x000000008b400000, 0x000000008b400000|100%| O|  |TAMS 0x000000008b300000| PB 0x000000008b300000| Untracked 
|  26|0x000000008b400000, 0x000000008b453d90, 0x000000008b500000| 32%| O|  |TAMS 0x000000008b400000| PB 0x000000008b400000| Untracked 
|  27|0x000000008b500000, 0x000000008b600000, 0x000000008b600000|100%| O|  |TAMS 0x000000008b500000| PB 0x000000008b500000| Untracked 
|  28|0x000000008b600000, 0x000000008b700000, 0x000000008b700000|100%| O|  |TAMS 0x000000008b600000| PB 0x000000008b600000| Untracked 
|  29|0x000000008b700000, 0x000000008b800000, 0x000000008b800000|100%| O|  |TAMS 0x000000008b700000| PB 0x000000008b700000| Untracked 
|  30|0x000000008b800000, 0x000000008b861868, 0x000000008b900000| 38%| O|  |TAMS 0x000000008b800000| PB 0x000000008b800000| Untracked 
|  31|0x000000008b900000, 0x000000008ba00000, 0x000000008ba00000|100%| O|  |TAMS 0x000000008b900000| PB 0x000000008b900000| Untracked 
|  32|0x000000008ba00000, 0x000000008ba57c38, 0x000000008bb00000| 34%| O|  |TAMS 0x000000008ba00000| PB 0x000000008ba00000| Untracked 
|  33|0x000000008bb00000, 0x000000008bb00000, 0x000000008bc00000|  0%| F|  |TAMS 0x000000008bb00000| PB 0x000000008bb00000| Untracked 
|  34|0x000000008bc00000, 0x000000008bc00000, 0x000000008bd00000|  0%| F|  |TAMS 0x000000008bc00000| PB 0x000000008bc00000| Untracked 
|  35|0x000000008bd00000, 0x000000008be00000, 0x000000008be00000|100%| O|  |TAMS 0x000000008bd00000| PB 0x000000008bd00000| Untracked 
|  36|0x000000008be00000, 0x000000008bf00000, 0x000000008bf00000|100%| O|  |TAMS 0x000000008be00000| PB 0x000000008be00000| Untracked 
|  37|0x000000008bf00000, 0x000000008bfdd820, 0x000000008c000000| 86%| S|CS|TAMS 0x000000008bf00000| PB 0x000000008bf00000| Complete 
|  38|0x000000008c000000, 0x000000008c000000, 0x000000008c100000|  0%| F|  |TAMS 0x000000008c000000| PB 0x000000008c000000| Untracked 
|  39|0x000000008c100000, 0x000000008c100000, 0x000000008c200000|  0%| F|  |TAMS 0x000000008c100000| PB 0x000000008c100000| Untracked 
|  40|0x000000008c200000, 0x000000008c200000, 0x000000008c300000|  0%| F|  |TAMS 0x000000008c200000| PB 0x000000008c200000| Untracked 
|  41|0x000000008c300000, 0x000000008c300000, 0x000000008c400000|  0%| F|  |TAMS 0x000000008c300000| PB 0x000000008c300000| Untracked 
|  42|0x000000008c400000, 0x000000008c500000, 0x000000008c500000|100%| S|CS|TAMS 0x000000008c400000| PB 0x000000008c400000| Complete 
|  43|0x000000008c500000, 0x000000008c600000, 0x000000008c600000|100%| S|CS|TAMS 0x000000008c500000| PB 0x000000008c500000| Complete 
|  44|0x000000008c600000, 0x000000008c700000, 0x000000008c700000|100%| S|CS|TAMS 0x000000008c600000| PB 0x000000008c600000| Complete 
|  45|0x000000008c700000, 0x000000008c700000, 0x000000008c800000|  0%| F|  |TAMS 0x000000008c700000| PB 0x000000008c700000| Untracked 
|  46|0x000000008c800000, 0x000000008c800000, 0x000000008c900000|  0%| F|  |TAMS 0x000000008c800000| PB 0x000000008c800000| Untracked 
|  47|0x000000008c900000, 0x000000008c900000, 0x000000008ca00000|  0%| F|  |TAMS 0x000000008c900000| PB 0x000000008c900000| Untracked 
|  48|0x000000008ca00000, 0x000000008ca00000, 0x000000008cb00000|  0%| F|  |TAMS 0x000000008ca00000| PB 0x000000008ca00000| Untracked 
|  49|0x000000008cb00000, 0x000000008cb00000, 0x000000008cc00000|  0%| F|  |TAMS 0x000000008cb00000| PB 0x000000008cb00000| Untracked 
|  50|0x000000008cc00000, 0x000000008cc00000, 0x000000008cd00000|  0%| F|  |TAMS 0x000000008cc00000| PB 0x000000008cc00000| Untracked 
|  51|0x000000008cd00000, 0x000000008cd00000, 0x000000008ce00000|  0%| F|  |TAMS 0x000000008cd00000| PB 0x000000008cd00000| Untracked 
|  52|0x000000008ce00000, 0x000000008ce64820, 0x000000008cf00000| 39%| E|  |TAMS 0x000000008ce00000| PB 0x000000008ce00000| Complete 
|  53|0x000000008cf00000, 0x000000008d000000, 0x000000008d000000|100%| E|CS|TAMS 0x000000008cf00000| PB 0x000000008cf00000| Complete 
|  54|0x000000008d000000, 0x000000008d100000, 0x000000008d100000|100%| E|CS|TAMS 0x000000008d000000| PB 0x000000008d000000| Complete 
|  55|0x000000008d100000, 0x000000008d200000, 0x000000008d200000|100%| E|CS|TAMS 0x000000008d100000| PB 0x000000008d100000| Complete 
|  56|0x000000008d200000, 0x000000008d300000, 0x000000008d300000|100%| E|CS|TAMS 0x000000008d200000| PB 0x000000008d200000| Complete 
|  57|0x000000008d300000, 0x000000008d400000, 0x000000008d400000|100%| E|CS|TAMS 0x000000008d300000| PB 0x000000008d300000| Complete 
|  58|0x000000008d400000, 0x000000008d500000, 0x000000008d500000|100%| E|CS|TAMS 0x000000008d400000| PB 0x000000008d400000| Complete 
|  59|0x000000008d500000, 0x000000008d600000, 0x000000008d600000|100%| E|CS|TAMS 0x000000008d500000| PB 0x000000008d500000| Complete 
|  60|0x000000008d600000, 0x000000008d700000, 0x000000008d700000|100%| E|CS|TAMS 0x000000008d600000| PB 0x000000008d600000| Complete 
|  61|0x000000008d700000, 0x000000008d800000, 0x000000008d800000|100%| E|CS|TAMS 0x000000008d700000| PB 0x000000008d700000| Complete 
|  62|0x000000008d800000, 0x000000008d900000, 0x000000008d900000|100%| E|  |TAMS 0x000000008d800000| PB 0x000000008d800000| Complete 
|  63|0x000000008d900000, 0x000000008da00000, 0x000000008da00000|100%| E|CS|TAMS 0x000000008d900000| PB 0x000000008d900000| Complete 
|  64|0x000000008da00000, 0x000000008db00000, 0x000000008db00000|100%| E|CS|TAMS 0x000000008da00000| PB 0x000000008da00000| Complete 
|  65|0x000000008db00000, 0x000000008dc00000, 0x000000008dc00000|100%| E|CS|TAMS 0x000000008db00000| PB 0x000000008db00000| Complete 
|  66|0x000000008dc00000, 0x000000008dd00000, 0x000000008dd00000|100%| E|CS|TAMS 0x000000008dc00000| PB 0x000000008dc00000| Complete 
|  67|0x000000008dd00000, 0x000000008de00000, 0x000000008de00000|100%| E|CS|TAMS 0x000000008dd00000| PB 0x000000008dd00000| Complete 
|  68|0x000000008de00000, 0x000000008df00000, 0x000000008df00000|100%| E|CS|TAMS 0x000000008de00000| PB 0x000000008de00000| Complete 
|  69|0x000000008df00000, 0x000000008e000000, 0x000000008e000000|100%| E|CS|TAMS 0x000000008df00000| PB 0x000000008df00000| Complete 
|  70|0x000000008e000000, 0x000000008e100000, 0x000000008e100000|100%| E|CS|TAMS 0x000000008e000000| PB 0x000000008e000000| Complete 
|  93|0x000000008f700000, 0x000000008f800000, 0x000000008f800000|100%| E|CS|TAMS 0x000000008f700000| PB 0x000000008f700000| Complete 
|  94|0x000000008f800000, 0x000000008f900000, 0x000000008f900000|100%| E|CS|TAMS 0x000000008f800000| PB 0x000000008f800000| Complete 
|  95|0x000000008f900000, 0x000000008fa00000, 0x000000008fa00000|100%| E|CS|TAMS 0x000000008f900000| PB 0x000000008f900000| Complete 
|  96|0x000000008fa00000, 0x000000008fb00000, 0x000000008fb00000|100%| E|CS|TAMS 0x000000008fa00000| PB 0x000000008fa00000| Complete 
|  97|0x000000008fb00000, 0x000000008fc00000, 0x000000008fc00000|100%| E|CS|TAMS 0x000000008fb00000| PB 0x000000008fb00000| Complete 
| 119|0x0000000091100000, 0x0000000091200000, 0x0000000091200000|100%| E|CS|TAMS 0x0000000091100000| PB 0x0000000091100000| Complete 

Card table byte_map: [0x0000014f0f370000,0x0000014f0f730000] _byte_map_base: 0x0000014f0ef23000

Marking Bits: (CMBitMap*) 0x0000014f03602710
 Bits: [0x0000014f0f730000, 0x0000014f114c8000)

Polling page: 0x0000014f01390000

Metaspace:

Usage:
  Non-class:     64.91 MB used.
      Class:     10.58 MB used.
       Both:     75.49 MB used.

Virtual space:
  Non-class space:      128.00 MB reserved,      65.31 MB ( 51%) committed,  2 nodes.
      Class space:        1.00 GB reserved,      10.88 MB (  1%) committed,  1 nodes.
             Both:        1.12 GB reserved,      76.19 MB (  7%) committed. 

Chunk freelists:
   Non-Class:  14.28 MB
       Class:  5.06 MB
        Both:  19.34 MB

MaxMetaspaceSize: unlimited
CompressedClassSpaceSize: 1.00 GB
Initial GC threshold: 21.00 MB
Current GC threshold: 124.69 MB
CDS: on
 - commit_granule_bytes: 65536.
 - commit_granule_words: 8192.
 - virtual_space_node_default_size: 8388608.
 - enlarge_chunks_in_place: 1.
 - use_allocation_guard: 0.


Internal statistics:

num_allocs_failed_limit: 6.
num_arena_births: 1520.
num_arena_deaths: 484.
num_vsnodes_births: 3.
num_vsnodes_deaths: 0.
num_space_committed: 1219.
num_space_uncommitted: 0.
num_chunks_returned_to_freelist: 566.
num_chunks_taken_from_freelist: 4458.
num_chunk_merges: 149.
num_chunk_splits: 3027.
num_chunks_enlarged: 2347.
num_inconsistent_stats: 0.

CodeCache: size=49152Kb used=15818Kb max_used=16454Kb free=33333Kb
 bounds [0x0000014f0bc80000, 0x0000014f0cca0000, 0x0000014f0ec80000]
 total_blobs=9052 nmethods=8326 adapters=647
 compilation: enabled
              stopped_count=0, restarted_count=0
 full_count=0

Compilation events (20 events):
Event: 729.343 Thread 0x0000014f141800a0 9514       1       org.springframework.http.HttpMethod::valueOf (305 bytes)
Event: 729.344 Thread 0x0000014f141800a0 nmethod 9514 0x0000014f0cba9890 code [0x0000014f0cba9b00, 0x0000014f0cbaa150]
Event: 729.345 Thread 0x0000014f141800a0 9515   !   1       org.hibernate.query.sqm.sql.BaseSqmToSqlAstConverter::createFetch (1039 bytes)
Event: 729.348 Thread 0x0000014f141800a0 nmethod 9515 0x0000014f0cba4410 code [0x0000014f0cba4ae0, 0x0000014f0cba7458]
Event: 729.348 Thread 0x0000014f141800a0 9519       1       org.hibernate.sql.results.graph.AbstractFetchParent::findFetch (33 bytes)
Event: 729.349 Thread 0x0000014f141800a0 nmethod 9519 0x0000014f0cba3d10 code [0x0000014f0cba3f00, 0x0000014f0cba4200]
Event: 729.349 Thread 0x0000014f141800a0 9520       1       org.hibernate.sql.results.graph.internal.ImmutableFetchList::get (23 bytes)
Event: 729.349 Thread 0x0000014f141800a0 nmethod 9520 0x0000014f0cba3910 code [0x0000014f0cba3ac0, 0x0000014f0cba3c10]
Event: 729.349 Thread 0x0000014f141800a0 9521       1       org.hibernate.metamodel.mapping.EntityMappingType::asEntityMappingType (2 bytes)
Event: 729.349 Thread 0x0000014f141800a0 nmethod 9521 0x0000014f0cba3610 code [0x0000014f0cba37a0, 0x0000014f0cba3868]
Event: 729.349 Thread 0x0000014f141800a0 9516       1       org.hibernate.query.sqm.sql.FromClauseIndex::findFetchedJoinByPath (28 bytes)
Event: 729.349 Thread 0x0000014f141800a0 nmethod 9516 0x0000014f0cba3210 code [0x0000014f0cba33c0, 0x0000014f0cba3540]
Event: 729.349 Thread 0x0000014f141800a0 9517   !   1       org.hibernate.query.sqm.sql.BaseSqmToSqlAstConverter::buildFetch (59 bytes)
Event: 729.349 Thread 0x0000014f141800a0 nmethod 9517 0x0000014f0cba2490 code [0x0000014f0cba26e0, 0x0000014f0cba2e80]
Event: 729.350 Thread 0x0000014f141800a0 9518       1       org.hibernate.query.sqm.sql.BaseSqmToSqlAstConverter$SqmAliasedNodePositionTracker::resolveSqlSelection (64 bytes)
Event: 729.350 Thread 0x0000014f141800a0 nmethod 9518 0x0000014f0cba1d90 code [0x0000014f0cba1f60, 0x0000014f0cba22d0]
Event: 729.350 Thread 0x0000014f141800a0 9522       1       org.hibernate.internal.SessionImpl::getPersistenceContextInternal (5 bytes)
Event: 729.350 Thread 0x0000014f141800a0 nmethod 9522 0x0000014f0cba1a90 code [0x0000014f0cba1c20, 0x0000014f0cba1ce8]
Event: 757.115 Thread 0x0000014f141800a0 9523       1       org.apache.catalina.core.StandardContext::getThreadBindingListener (5 bytes)
Event: 757.115 Thread 0x0000014f141800a0 nmethod 9523 0x0000014f0cba1790 code [0x0000014f0cba1920, 0x0000014f0cba19f0]

GC Heap History (20 events):
Event: 16.212 GC heap before
{Heap before GC invocations=29 (full 0):
 garbage-first heap   total 78848K, used 66539K [0x0000000089a00000, 0x0000000100000000)
  region size 1024K, 38 young (38912K), 5 survivors (5120K)
 Metaspace       used 71463K, committed 72256K, reserved 1114112K
  class space    used 10032K, committed 10368K, reserved 1048576K
}
Event: 16.215 GC heap after
{Heap after GC invocations=30 (full 0):
 garbage-first heap   total 78848K, used 34818K [0x0000000089a00000, 0x0000000100000000)
  region size 1024K, 4 young (4096K), 4 survivors (4096K)
 Metaspace       used 71463K, committed 72256K, reserved 1114112K
  class space    used 10032K, committed 10368K, reserved 1048576K
}
Event: 16.901 GC heap before
{Heap before GC invocations=30 (full 0):
 garbage-first heap   total 78848K, used 67586K [0x0000000089a00000, 0x0000000100000000)
  region size 1024K, 37 young (37888K), 4 survivors (4096K)
 Metaspace       used 74735K, committed 75520K, reserved 1114112K
  class space    used 10497K, committed 10880K, reserved 1048576K
}
Event: 16.904 GC heap after
{Heap after GC invocations=31 (full 0):
 garbage-first heap   total 78848K, used 35572K [0x0000000089a00000, 0x0000000100000000)
  region size 1024K, 3 young (3072K), 3 survivors (3072K)
 Metaspace       used 74735K, committed 75520K, reserved 1114112K
  class space    used 10497K, committed 10880K, reserved 1048576K
}
Event: 346.402 GC heap before
{Heap before GC invocations=31 (full 0):
 garbage-first heap   total 78848K, used 55028K [0x0000000089a00000, 0x0000000100000000)
  region size 1024K, 23 young (23552K), 3 survivors (3072K)
 Metaspace       used 74970K, committed 75776K, reserved 1114112K
  class space    used 10546K, committed 10880K, reserved 1048576K
}
Event: 346.440 GC heap after
{Heap after GC invocations=32 (full 1):
 garbage-first heap   total 78848K, used 29426K [0x0000000089a00000, 0x0000000100000000)
  region size 1024K, 0 young (0K), 0 survivors (0K)
 Metaspace       used 74970K, committed 75776K, reserved 1114112K
  class space    used 10546K, committed 10880K, reserved 1048576K
}
Event: 346.831 GC heap before
{Heap before GC invocations=32 (full 1):
 garbage-first heap   total 78848K, used 70386K [0x0000000089a00000, 0x0000000100000000)
  region size 1024K, 41 young (41984K), 0 survivors (0K)
 Metaspace       used 75106K, committed 75968K, reserved 1114112K
  class space    used 10563K, committed 10944K, reserved 1048576K
}
Event: 346.835 GC heap after
{Heap after GC invocations=33 (full 1):
 garbage-first heap   total 78848K, used 33103K [0x0000000089a00000, 0x0000000100000000)
  region size 1024K, 4 young (4096K), 4 survivors (4096K)
 Metaspace       used 75106K, committed 75968K, reserved 1114112K
  class space    used 10563K, committed 10944K, reserved 1048576K
}
Event: 347.292 GC heap before
{Heap before GC invocations=33 (full 1):
 garbage-first heap   total 78848K, used 65871K [0x0000000089a00000, 0x0000000100000000)
  region size 1024K, 37 young (37888K), 4 survivors (4096K)
 Metaspace       used 75453K, committed 76288K, reserved 1179648K
  class space    used 10591K, committed 10944K, reserved 1048576K
}
Event: 347.295 GC heap after
{Heap after GC invocations=34 (full 1):
 garbage-first heap   total 78848K, used 35232K [0x0000000089a00000, 0x0000000100000000)
  region size 1024K, 3 young (3072K), 3 survivors (3072K)
 Metaspace       used 75453K, committed 76288K, reserved 1179648K
  class space    used 10591K, committed 10944K, reserved 1048576K
}
Event: 511.241 GC heap before
{Heap before GC invocations=34 (full 1):
 garbage-first heap   total 78848K, used 66976K [0x0000000089a00000, 0x0000000100000000)
  region size 1024K, 34 young (34816K), 3 survivors (3072K)
 Metaspace       used 75750K, committed 76608K, reserved 1179648K
  class space    used 10639K, committed 11008K, reserved 1048576K
}
Event: 511.243 GC heap after
{Heap after GC invocations=35 (full 1):
 garbage-first heap   total 78848K, used 36662K [0x0000000089a00000, 0x0000000100000000)
  region size 1024K, 4 young (4096K), 4 survivors (4096K)
 Metaspace       used 75750K, committed 76608K, reserved 1179648K
  class space    used 10639K, committed 11008K, reserved 1048576K
}
Event: 536.082 GC heap before
{Heap before GC invocations=36 (full 1):
 garbage-first heap   total 78848K, used 39734K [0x0000000089a00000, 0x0000000100000000)
  region size 1024K, 8 young (8192K), 4 survivors (4096K)
 Metaspace       used 75354K, committed 76608K, reserved 1179648K
  class space    used 10535K, committed 11008K, reserved 1048576K
}
Event: 536.121 GC heap after
{Heap after GC invocations=37 (full 2):
 garbage-first heap   total 78848K, used 24874K [0x0000000089a00000, 0x0000000100000000)
  region size 1024K, 0 young (0K), 0 survivors (0K)
 Metaspace       used 75322K, committed 76608K, reserved 1179648K
  class space    used 10531K, committed 11008K, reserved 1048576K
}
Event: 536.456 GC heap before
{Heap before GC invocations=37 (full 2):
 garbage-first heap   total 78848K, used 66858K [0x0000000089a00000, 0x0000000100000000)
  region size 1024K, 42 young (43008K), 0 survivors (0K)
 Metaspace       used 75538K, committed 76608K, reserved 1179648K
  class space    used 10569K, committed 11008K, reserved 1048576K
}
Event: 536.459 GC heap after
{Heap after GC invocations=38 (full 2):
 garbage-first heap   total 78848K, used 29703K [0x0000000089a00000, 0x0000000100000000)
  region size 1024K, 5 young (5120K), 5 survivors (5120K)
 Metaspace       used 75538K, committed 76608K, reserved 1179648K
  class space    used 10569K, committed 11008K, reserved 1048576K
}
Event: 536.999 GC heap before
{Heap before GC invocations=38 (full 2):
 garbage-first heap   total 78848K, used 64519K [0x0000000089a00000, 0x0000000100000000)
  region size 1024K, 40 young (40960K), 5 survivors (5120K)
 Metaspace       used 75947K, committed 76736K, reserved 1179648K
  class space    used 10615K, committed 11008K, reserved 1048576K
}
Event: 537.002 GC heap after
{Heap after GC invocations=39 (full 2):
 garbage-first heap   total 78848K, used 32559K [0x0000000089a00000, 0x0000000100000000)
  region size 1024K, 4 young (4096K), 4 survivors (4096K)
 Metaspace       used 75947K, committed 76736K, reserved 1179648K
  class space    used 10615K, committed 11008K, reserved 1048576K
}
Event: 661.825 GC heap before
{Heap before GC invocations=39 (full 2):
 garbage-first heap   total 78848K, used 65327K [0x0000000089a00000, 0x0000000100000000)
  region size 1024K, 36 young (36864K), 4 survivors (4096K)
 Metaspace       used 76270K, committed 77120K, reserved 1179648K
  class space    used 10655K, committed 11072K, reserved 1048576K
}
Event: 661.829 GC heap after
{Heap after GC invocations=40 (full 2):
 garbage-first heap   total 78848K, used 36351K [0x0000000089a00000, 0x0000000100000000)
  region size 1024K, 4 young (4096K), 4 survivors (4096K)
 Metaspace       used 76270K, committed 77120K, reserved 1179648K
  class space    used 10655K, committed 11072K, reserved 1048576K
}

Dll operation events (12 events):
Event: 0.024 Loaded shared library C:\Program Files\Eclipse Adoptium\jdk-21.0.6.7-hotspot\bin\java.dll
Event: 0.205 Loaded shared library C:\Program Files\Eclipse Adoptium\jdk-21.0.6.7-hotspot\bin\zip.dll
Event: 0.211 Loaded shared library C:\Program Files\Eclipse Adoptium\jdk-21.0.6.7-hotspot\bin\instrument.dll
Event: 0.216 Loaded shared library C:\Program Files\Eclipse Adoptium\jdk-21.0.6.7-hotspot\bin\net.dll
Event: 0.217 Loaded shared library C:\Program Files\Eclipse Adoptium\jdk-21.0.6.7-hotspot\bin\nio.dll
Event: 0.219 Loaded shared library C:\Program Files\Eclipse Adoptium\jdk-21.0.6.7-hotspot\bin\zip.dll
Event: 0.378 Loaded shared library C:\Program Files\Eclipse Adoptium\jdk-21.0.6.7-hotspot\bin\jimage.dll
Event: 0.440 Loaded shared library C:\Program Files\Eclipse Adoptium\jdk-21.0.6.7-hotspot\bin\management.dll
Event: 0.472 Loaded shared library C:\Program Files\Eclipse Adoptium\jdk-21.0.6.7-hotspot\bin\management_ext.dll
Event: 0.814 Loaded shared library C:\Program Files\Eclipse Adoptium\jdk-21.0.6.7-hotspot\bin\extnet.dll
Event: 0.853 Loaded shared library C:\Program Files\Eclipse Adoptium\jdk-21.0.6.7-hotspot\bin\verify.dll
Event: 2.291 Loaded shared library C:\Program Files\Eclipse Adoptium\jdk-21.0.6.7-hotspot\bin\sunmscapi.dll

Deoptimization events (20 events):
Event: 684.198 Thread 0x0000014f5b1d4dc0 DEOPT PACKING pc=0x0000014f0c1a8d14 sp=0x0000000867df79b0
Event: 684.198 Thread 0x0000014f5b1d4dc0 DEOPT UNPACKING pc=0x0000014f0bcd4e42 sp=0x0000000867df6e78 mode 1
Event: 684.198 Thread 0x0000014f5b1d4dc0 DEOPT PACKING pc=0x0000014f0c756c6c sp=0x0000000867df7a40
Event: 684.198 Thread 0x0000014f5b1d4dc0 DEOPT UNPACKING pc=0x0000014f0bcd4e42 sp=0x0000000867df6ed0 mode 1
Event: 684.200 Thread 0x0000014f5b1d4dc0 DEOPT PACKING pc=0x0000014f0c48d35c sp=0x0000000867df7860
Event: 684.200 Thread 0x0000014f5b1d4dc0 DEOPT UNPACKING pc=0x0000014f0bcd4e42 sp=0x0000000867df6d98 mode 1
Event: 684.200 Thread 0x0000014f5b1d4dc0 DEOPT PACKING pc=0x0000014f0c48e864 sp=0x0000000867df7950
Event: 684.200 Thread 0x0000014f5b1d4dc0 DEOPT UNPACKING pc=0x0000014f0bcd4e42 sp=0x0000000867df6f00 mode 1
Event: 684.200 Thread 0x0000014f5b1d4dc0 DEOPT PACKING pc=0x0000014f0c48b694 sp=0x0000000867df7ac0
Event: 684.200 Thread 0x0000014f5b1d4dc0 DEOPT UNPACKING pc=0x0000014f0bcd4e42 sp=0x0000000867df7080 mode 1
Event: 684.200 Thread 0x0000014f5b1d4dc0 DEOPT PACKING pc=0x0000014f0c48d35c sp=0x0000000867df7c40
Event: 684.200 Thread 0x0000014f5b1d4dc0 DEOPT UNPACKING pc=0x0000014f0bcd4e42 sp=0x0000000867df7178 mode 1
Event: 684.200 Thread 0x0000014f5b1d4dc0 DEOPT PACKING pc=0x0000014f0c48e864 sp=0x0000000867df7d30
Event: 684.200 Thread 0x0000014f5b1d4dc0 DEOPT UNPACKING pc=0x0000014f0bcd4e42 sp=0x0000000867df72e0 mode 1
Event: 684.200 Thread 0x0000014f5b1d4dc0 DEOPT PACKING pc=0x0000014f0c48b694 sp=0x0000000867df7ea0
Event: 684.200 Thread 0x0000014f5b1d4dc0 DEOPT UNPACKING pc=0x0000014f0bcd4e42 sp=0x0000000867df7460 mode 1
Event: 717.992 Thread 0x0000014f5b1d4730 DEOPT PACKING pc=0x0000014f0c92b879 sp=0x00000008677fa5c0
Event: 717.993 Thread 0x0000014f5b1d4730 DEOPT UNPACKING pc=0x0000014f0bcd4e42 sp=0x00000008677f9a68 mode 1
Event: 787.826 Thread 0x0000014f5b1d1940 DEOPT PACKING pc=0x0000014f0c9bafb4 sp=0x00000008678f9df0
Event: 787.826 Thread 0x0000014f5b1d1940 DEOPT UNPACKING pc=0x0000014f0bcd4e42 sp=0x00000008678f9298 mode 0

Classes loaded (20 events):
Event: 346.376 Loading class java/nio/channels/AsynchronousCloseException
Event: 346.377 Loading class java/nio/channels/AsynchronousCloseException done
Event: 346.382 Loading class java/util/AbstractMap$2
Event: 346.382 Loading class java/util/AbstractMap$2 done
Event: 346.383 Loading class java/util/AbstractMap$2$1
Event: 346.383 Loading class java/util/AbstractMap$2$1 done
Event: 346.440 Loading class java/lang/ref/Finalizer$2
Event: 346.441 Loading class java/lang/ref/Finalizer$2 done
Event: 346.441 Loading class java/lang/ref/Finalizer$1
Event: 346.441 Loading class java/lang/ref/Finalizer$1 done
Event: 372.486 Loading class java/util/concurrent/locks/ReentrantReadWriteLock$Sync$HoldCounter
Event: 372.487 Loading class java/util/concurrent/locks/ReentrantReadWriteLock$Sync$HoldCounter done
Event: 536.994 Loading class java/time/DurationEditor
Event: 536.994 Loading class java/time/DurationEditor done
Event: 678.582 Loading class java/io/PushbackInputStream
Event: 678.583 Loading class java/io/PushbackInputStream done
Event: 678.850 Loading class jdk/internal/reflect/MethodHandleBooleanFieldAccessorImpl
Event: 678.851 Loading class jdk/internal/reflect/MethodHandleBooleanFieldAccessorImpl done
Event: 684.204 Loading class java/time/OffsetDateTime$1
Event: 684.204 Loading class java/time/OffsetDateTime$1 done

Classes unloaded (20 events):
Event: 511.257 Thread 0x0000014f138af800 Unloading class 0x0000014f16008000 'java/lang/invoke/LambdaForm$MH+0x0000014f16008000'
Event: 511.257 Thread 0x0000014f138af800 Unloading class 0x0000014f16007c00 'java/lang/invoke/LambdaForm$MH+0x0000014f16007c00'
Event: 511.257 Thread 0x0000014f138af800 Unloading class 0x0000014f16007400 'java/lang/invoke/LambdaForm$MH+0x0000014f16007400'
Event: 511.257 Thread 0x0000014f138af800 Unloading class 0x0000014f16006c00 'java/lang/invoke/LambdaForm$MH+0x0000014f16006c00'
Event: 511.257 Thread 0x0000014f138af800 Unloading class 0x0000014f16006400 'java/lang/invoke/LambdaForm$MH+0x0000014f16006400'
Event: 511.257 Thread 0x0000014f138af800 Unloading class 0x0000014f16005c00 'java/lang/invoke/LambdaForm$MH+0x0000014f16005c00'
Event: 511.257 Thread 0x0000014f138af800 Unloading class 0x0000014f16005400 'java/lang/invoke/LambdaForm$MH+0x0000014f16005400'
Event: 511.257 Thread 0x0000014f138af800 Unloading class 0x0000014f16004000 'java/lang/invoke/LambdaForm$MH+0x0000014f16004000'
Event: 511.257 Thread 0x0000014f138af800 Unloading class 0x0000014f16003c00 'java/lang/invoke/LambdaForm$MH+0x0000014f16003c00'
Event: 511.257 Thread 0x0000014f138af800 Unloading class 0x0000014f16003800 'java/lang/invoke/LambdaForm$MH+0x0000014f16003800'
Event: 511.257 Thread 0x0000014f138af800 Unloading class 0x0000014f16003400 'java/lang/invoke/LambdaForm$MH+0x0000014f16003400'
Event: 536.094 Thread 0x0000014f138af800 Unloading class 0x0000014f16ac8800 'java/lang/invoke/LambdaForm$MH+0x0000014f16ac8800'
Event: 536.094 Thread 0x0000014f138af800 Unloading class 0x0000014f16ac8400 'java/lang/invoke/LambdaForm$MH+0x0000014f16ac8400'
Event: 536.094 Thread 0x0000014f138af800 Unloading class 0x0000014f16890b40 'org/apache/catalina/loader/JdbcLeakPrevention'
Event: 536.094 Thread 0x0000014f138af800 Unloading class 0x0000014f16890800 'jdk/proxy5/$Proxy127'
Event: 536.094 Thread 0x0000014f138af800 Unloading class 0x0000014f164c5000 'java/lang/invoke/LambdaForm$MH+0x0000014f164c5000'
Event: 536.094 Thread 0x0000014f138af800 Unloading class 0x0000014f164c4000 'java/lang/invoke/LambdaForm$DMH+0x0000014f164c4000'
Event: 536.094 Thread 0x0000014f138af800 Unloading class 0x0000014f1645a800 'java/lang/invoke/LambdaForm$MH+0x0000014f1645a800'
Event: 536.094 Thread 0x0000014f138af800 Unloading class 0x0000014f16459c00 'java/lang/invoke/LambdaForm$MH+0x0000014f16459c00'
Event: 536.094 Thread 0x0000014f138af800 Unloading class 0x0000014f16141000 'java/lang/invoke/LambdaForm$MH+0x0000014f16141000'

Classes redefined (6 events):
Event: 344.253 Thread 0x0000014f138af800 redefined class name=com.projeto.mut.controller.ConfiguracaoController, count=1
Event: 534.009 Thread 0x0000014f138af800 redefined class name=com.projeto.mut.controller.ConfiguracaoController, count=1
Event: 534.009 Thread 0x0000014f138af800 redefined class name=com.projeto.mut.controller.ConfiguracaoController, count=2
Event: 787.848 Thread 0x0000014f138af800 redefined class name=com.projeto.mut.controller.ConfiguracaoController, count=1
Event: 787.848 Thread 0x0000014f138af800 redefined class name=com.projeto.mut.controller.ConfiguracaoController, count=2
Event: 787.848 Thread 0x0000014f138af800 redefined class name=com.projeto.mut.controller.ConfiguracaoController, count=3

Internal exceptions (20 events):
Event: 374.316 Thread 0x0000014f5b1d6800 Exception <a 'java/lang/ClassCastException'{0x000000008cd0c090}: class java.lang.String cannot be cast to class com.projeto.mut.Entity.Empresa (java.lang.String is in module java.base of loader 'bootstrap'; com.projeto.mut.Entity.Empresa is in unnamed module of loader org.springframework.boot.devtools.restart.classloader.RestartClassLoader @14b84ee7)> (0x000000008cd0c090) 
thrown [s\src\hotspot\share\interpreter\interpreterRuntime.cpp, line 455]
Event: 536.064 Thread 0x0000014f5a4690e0 Exception <a 'java/io/IOException'{0x000000008fbb4668}> (0x000000008fbb4668) 
thrown [s\src\hotspot\share\prims\jni.cpp, line 520]
Event: 536.081 Thread 0x0000014f5b1d40a0 Exception <a 'java/lang/InterruptedException'{0x000000008f92db98}: sleep interrupted> (0x000000008f92db98) 
thrown [s\src\hotspot\share\prims\jvm.cpp, line 3074]
Event: 536.135 Thread 0x0000014f5a4676a0 Exception <a 'sun/nio/fs/WindowsException'{0x00000000911c8c10}> (0x00000000911c8c10) 
thrown [s\src\hotspot\share\prims\jni.cpp, line 520]
Event: 536.408 Thread 0x0000014f5a4676a0 Exception <a 'java/lang/NoClassDefFoundError'{0x000000008c53dbb8}: org/flywaydb/core/Flyway> (0x000000008c53dbb8) 
thrown [s\src\hotspot\share\oops\constantPool.cpp, line 873]
Event: 536.409 Thread 0x0000014f5a4676a0 Exception <a 'java/lang/NoClassDefFoundError'{0x000000008c53e218}: liquibase/integration/spring/SpringLiquibase> (0x000000008c53e218) 
thrown [s\src\hotspot\share\oops\constantPool.cpp, line 873]
Event: 536.412 Thread 0x0000014f5a4676a0 Exception <a 'java/lang/NoClassDefFoundError'{0x000000008c5cfc78}: org/jooq/DSLContext> (0x000000008c5cfc78) 
thrown [s\src\hotspot\share\oops\constantPool.cpp, line 873]
Event: 536.413 Thread 0x0000014f5a4676a0 Exception <a 'java/lang/NoClassDefFoundError'{0x000000008c5dedc0}: org/springframework/batch/core/repository/JobRepository> (0x000000008c5dedc0) 
thrown [s\src\hotspot\share\oops\constantPool.cpp, line 873]
Event: 536.414 Thread 0x0000014f5a4676a0 Exception <a 'java/lang/NoClassDefFoundError'{0x000000008c5df418}: org/quartz/Scheduler> (0x000000008c5df418) 
thrown [s\src\hotspot\share\oops\constantPool.cpp, line 873]
Event: 536.414 Thread 0x0000014f5a4676a0 Exception <a 'java/lang/NoClassDefFoundError'{0x000000008c5dfa98}: org/springframework/session/jdbc/JdbcIndexedSessionRepository> (0x000000008c5dfa98) 
thrown [s\src\hotspot\share\oops\constantPool.cpp, line 873]
Event: 536.421 Thread 0x0000014f5a4676a0 Exception <a 'java/lang/NoSuchMethodError'{0x000000008c4d0ba0}: 'void java.lang.invoke.DelegatingMethodHandle$Holder.reinvoke_L(java.lang.Object, java.lang.Object, int)'> (0x000000008c4d0ba0) 
thrown [s\src\hotspot\share\interpreter\linkResolver.cpp, line 773]
Event: 536.454 Thread 0x0000014f5a4676a0 Exception <a 'java/lang/NoSuchMethodError'{0x000000008bdc7b60}: 'int java.lang.invoke.DirectMethodHandle$Holder.invokeVirtual(java.lang.Object, java.lang.Object, java.lang.Object, java.lang.Object)'> (0x000000008bdc7b60) 
thrown [s\src\hotspot\share\interpreter\linkResolver.cpp, line 773]
Event: 536.454 Thread 0x0000014f5a4676a0 Exception <a 'java/lang/NoSuchMethodError'{0x000000008bdcb180}: 'int java.lang.invoke.DelegatingMethodHandle$Holder.reinvoke_L(java.lang.Object, java.lang.Object, java.lang.Object, java.lang.Object)'> (0x000000008bdcb180) 
thrown [s\src\hotspot\share\interpreter\linkResolver.cpp, line 773]
Event: 536.462 Thread 0x0000014f5a4676a0 Exception <a 'java/io/FileNotFoundException'{0x0000000091115318}> (0x0000000091115318) 
thrown [s\src\hotspot\share\prims\jni.cpp, line 520]
Event: 536.920 Thread 0x0000014f5a4676a0 Exception <a 'java/io/FileNotFoundException'{0x000000008cb230c8}> (0x000000008cb230c8) 
thrown [s\src\hotspot\share\prims\jni.cpp, line 520]
Event: 600.952 Thread 0x0000014f5a467010 Exception <a 'java/lang/NoSuchMethodError'{0x000000008cd3bdf0}: static [B.<clinit>()V> (0x000000008cd3bdf0) 
thrown [s\src\hotspot\share\prims\jni.cpp, line 1111]
Event: 661.830 Thread 0x0000014f5b1d4730 Exception <a 'java/lang/ClassCastException'{0x0000000091101bd0}: class java.lang.String cannot be cast to class com.projeto.mut.Entity.Empresa (java.lang.String is in module java.base of loader 'bootstrap'; com.projeto.mut.Entity.Empresa is in unnamed module of loader org.springframework.boot.devtools.restart.classloader.RestartClassLoader @6839426a)> (0x0000000091101bd0) 
thrown [s\src\hotspot\share\interpreter\interpreterRuntime.cpp, line 455]
Event: 678.585 Thread 0x0000014f5b1d3380 Exception <a 'java/lang/NoSuchMethodError'{0x000000008fba6530}: method resolution failed> (0x000000008fba6530) 
thrown [s\src\hotspot\share\prims\methodHandles.cpp, line 1144]
Event: 678.843 Thread 0x0000014f5a46c560 Exception <a 'java/lang/IncompatibleClassChangeError'{0x000000008d8cfa38}: Found class java.lang.Object, but interface was expected> (0x000000008d8cfa38) 
thrown [s\src\hotspot\share\interpreter\linkResolver.cpp, line 840]
Event: 678.851 Thread 0x0000014f5a46c560 Exception <a 'java/lang/NoSuchMethodError'{0x000000008d75e868}: 'void java.lang.invoke.Invokers$Holder.invokeExact_MT(java.lang.Object, java.lang.Object, int, java.lang.Object)'> (0x000000008d75e868) 
thrown [s\src\hotspot\share\interpreter\linkResolver.cpp, line 773]

ZGC Phase Switch (0 events):
No events

VM Operations (20 events):
Event: 768.611 Executing VM operation: get/set locals
Event: 768.611 Executing VM operation: get/set locals done
Event: 781.961 Executing VM operation: HandshakeAllThreads (HandshakeForDeflation)
Event: 781.961 Executing VM operation: HandshakeAllThreads (HandshakeForDeflation) done
Event: 781.961 Executing VM operation: RendezvousGCThreads
Event: 781.961 Executing VM operation: RendezvousGCThreads done
Event: 787.825 Executing VM operation: ChangeSingleStep
Event: 787.825 Executing VM operation: ChangeSingleStep done
Event: 787.826 Executing VM operation: ChangeSingleStep
Event: 787.826 Executing VM operation: ChangeSingleStep done
Event: 787.840 Executing VM operation: RedefineClasses
Event: 787.866 Executing VM operation: RedefineClasses done
Event: 787.880 Executing VM operation: ChangeBreakpoints
Event: 787.882 Executing VM operation: ChangeBreakpoints done
Event: 787.884 Executing VM operation: ChangeBreakpoints
Event: 787.887 Executing VM operation: ChangeBreakpoints done
Event: 787.888 Executing VM operation: ChangeBreakpoints
Event: 787.891 Executing VM operation: ChangeBreakpoints done
Event: 787.895 Executing VM operation: ChangeSingleStep
Event: 787.895 Executing VM operation: ChangeSingleStep done

Memory protections (0 events):
No events

Nmethod flushes (20 events):
Event: 536.101 Thread 0x0000014f138af800 flushing  nmethod 0x0000014f0c702f90
Event: 536.101 Thread 0x0000014f138af800 flushing  nmethod 0x0000014f0c719810
Event: 536.101 Thread 0x0000014f138af800 flushing  nmethod 0x0000014f0c71a810
Event: 536.101 Thread 0x0000014f138af800 flushing  nmethod 0x0000014f0c72c110
Event: 536.101 Thread 0x0000014f138af800 flushing  nmethod 0x0000014f0c72ce10
Event: 536.101 Thread 0x0000014f138af800 flushing  nmethod 0x0000014f0c731d90
Event: 536.101 Thread 0x0000014f138af800 flushing  nmethod 0x0000014f0c753690
Event: 536.101 Thread 0x0000014f138af800 flushing  nmethod 0x0000014f0c755c90
Event: 536.101 Thread 0x0000014f138af800 flushing  nmethod 0x0000014f0c755f90
Event: 536.101 Thread 0x0000014f138af800 flushing  nmethod 0x0000014f0c773690
Event: 536.101 Thread 0x0000014f138af800 flushing  nmethod 0x0000014f0c774510
Event: 536.101 Thread 0x0000014f138af800 flushing  nmethod 0x0000014f0c774b10
Event: 536.101 Thread 0x0000014f138af800 flushing  nmethod 0x0000014f0c774f90
Event: 536.101 Thread 0x0000014f138af800 flushing  nmethod 0x0000014f0c775310
Event: 536.101 Thread 0x0000014f138af800 flushing  nmethod 0x0000014f0c78c490
Event: 536.101 Thread 0x0000014f138af800 flushing  nmethod 0x0000014f0c78ca90
Event: 536.101 Thread 0x0000014f138af800 flushing  nmethod 0x0000014f0c78d510
Event: 536.101 Thread 0x0000014f138af800 flushing  nmethod 0x0000014f0c79cf90
Event: 536.101 Thread 0x0000014f138af800 flushing  nmethod 0x0000014f0c79de90
Event: 536.101 Thread 0x0000014f138af800 flushing  nmethod 0x0000014f0c97e010

Events (20 events):
Event: 537.144 Thread 0x0000014f5a4676a0 Thread added: 0x0000014f5a46c560
Event: 537.144 Thread 0x0000014f5a4676a0 Thread added: 0x0000014f5b1d40a0
Event: 537.144 Thread 0x0000014f5a4676a0 Thread added: 0x0000014f5b1d4730
Event: 537.144 Thread 0x0000014f5a4676a0 Thread added: 0x0000014f5b1d1940
Event: 537.144 Thread 0x0000014f5a4676a0 Thread added: 0x0000014f5b1d5450
Event: 537.144 Thread 0x0000014f5a4676a0 Thread added: 0x0000014f5b1d2cf0
Event: 537.145 Thread 0x0000014f5a4676a0 Thread added: 0x0000014f5b1d1fd0
Event: 537.145 Thread 0x0000014f5a4676a0 Thread added: 0x0000014f5b1d3380
Event: 537.145 Thread 0x0000014f5a4676a0 Thread added: 0x0000014f5b1d4dc0
Event: 537.146 Thread 0x0000014f5a4676a0 Thread added: 0x0000014f5b1d3a10
Event: 537.146 Thread 0x0000014f5a4676a0 Thread added: 0x0000014f5b1d2660
Event: 537.152 Thread 0x0000014f5a4676a0 Thread exited: 0x0000014f5a4676a0
Event: 537.152 Thread 0x0000014f5a467d30 Thread exited: 0x0000014f5a467d30
Event: 542.516 Thread 0x0000014f5a466980 Thread exited: 0x0000014f5a466980
Event: 545.977 Thread 0x0000014f5a54aa70 Thread exited: 0x0000014f5a54aa70
Event: 550.991 Thread 0x0000014f5a5f2750 Thread exited: 0x0000014f5a5f2750
Event: 661.837 Thread 0x0000014f141800a0 Thread added: 0x0000014f5a54aa70
Event: 666.842 Thread 0x0000014f5a54aa70 Thread exited: 0x0000014f5a54aa70
Event: 684.174 Thread 0x0000014f141800a0 Thread added: 0x0000014f5a3be430
Event: 689.213 Thread 0x0000014f5a3be430 Thread exited: 0x0000014f5a3be430


Dynamic libraries:
0x00007ff7e0f00000 - 0x00007ff7e0f0e000 	C:\Program Files\Eclipse Adoptium\jdk-21.0.6.7-hotspot\bin\javaw.exe
0x00007ff99dd00000 - 0x00007ff99df60000 	C:\WINDOWS\SYSTEM32\ntdll.dll
0x00007ff978360000 - 0x00007ff97837a000 	C:\Program Files\Avast Software\Avast\aswhook.dll
0x00007ff99c4b0000 - 0x00007ff99c577000 	C:\WINDOWS\System32\KERNEL32.DLL
0x00007ff99b320000 - 0x00007ff99b6ea000 	C:\WINDOWS\System32\KERNELBASE.dll
0x00007ff99b9b0000 - 0x00007ff99bafb000 	C:\WINDOWS\System32\ucrtbase.dll
0x00007ff9828a0000 - 0x00007ff9828b8000 	C:\Program Files\Eclipse Adoptium\jdk-21.0.6.7-hotspot\bin\jli.dll
0x00007ff99c050000 - 0x00007ff99c21c000 	C:\WINDOWS\System32\USER32.dll
0x00007ff99b840000 - 0x00007ff99b867000 	C:\WINDOWS\System32\win32u.dll
0x00007ff99bb00000 - 0x00007ff99bb2a000 	C:\WINDOWS\System32\GDI32.dll
0x00007ff99b870000 - 0x00007ff99b9a1000 	C:\WINDOWS\System32\gdi32full.dll
0x00007ff99aee0000 - 0x00007ff99af83000 	C:\WINDOWS\System32\msvcp_win.dll
0x00007ff981fa0000 - 0x00007ff981fbe000 	C:\Program Files\Eclipse Adoptium\jdk-21.0.6.7-hotspot\bin\VCRUNTIME140.dll
0x00007ff9728e0000 - 0x00007ff972b77000 	C:\WINDOWS\WinSxS\amd64_microsoft.windows.common-controls_6595b64144ccf1df_6.0.26100.3624_none_3e086962e3345f24\COMCTL32.dll
0x00007ff99cf10000 - 0x00007ff99cfb9000 	C:\WINDOWS\System32\msvcrt.dll
0x00007ff99bc30000 - 0x00007ff99bc5f000 	C:\WINDOWS\System32\IMM32.DLL
0x00007ff982b90000 - 0x00007ff982b9c000 	C:\Program Files\Eclipse Adoptium\jdk-21.0.6.7-hotspot\bin\vcruntime140_1.dll
0x00007ff97d430000 - 0x00007ff97d4bd000 	C:\Program Files\Eclipse Adoptium\jdk-21.0.6.7-hotspot\bin\msvcp140.dll
0x00007ff91a040000 - 0x00007ff91add0000 	C:\Program Files\Eclipse Adoptium\jdk-21.0.6.7-hotspot\bin\server\jvm.dll
0x00007ff99c3d0000 - 0x00007ff99c482000 	C:\WINDOWS\System32\ADVAPI32.dll
0x00007ff99d0c0000 - 0x00007ff99d166000 	C:\WINDOWS\System32\sechost.dll
0x00007ff99d8d0000 - 0x00007ff99d9e6000 	C:\WINDOWS\System32\RPCRT4.dll
0x00007ff99cfc0000 - 0x00007ff99d034000 	C:\WINDOWS\System32\WS2_32.dll
0x00007ff99ad50000 - 0x00007ff99adae000 	C:\WINDOWS\SYSTEM32\POWRPROF.dll
0x00007ff990890000 - 0x00007ff9908c6000 	C:\WINDOWS\SYSTEM32\WINMM.dll
0x00007ff996020000 - 0x00007ff99602b000 	C:\WINDOWS\SYSTEM32\VERSION.dll
0x00007ff99ad30000 - 0x00007ff99ad44000 	C:\WINDOWS\SYSTEM32\UMPDC.dll
0x00007ff999cf0000 - 0x00007ff999d0a000 	C:\WINDOWS\SYSTEM32\kernel.appcore.dll
0x00007ff983e00000 - 0x00007ff983e0a000 	C:\Program Files\Eclipse Adoptium\jdk-21.0.6.7-hotspot\bin\jimage.dll
0x00007ff993480000 - 0x00007ff9936c1000 	C:\WINDOWS\SYSTEM32\DBGHELP.DLL
0x00007ff99bc70000 - 0x00007ff99bff2000 	C:\WINDOWS\System32\combase.dll
0x00007ff99d9f0000 - 0x00007ff99dac6000 	C:\WINDOWS\System32\OLEAUT32.dll
0x00007ff993150000 - 0x00007ff993189000 	C:\WINDOWS\SYSTEM32\dbgcore.DLL
0x00007ff99af90000 - 0x00007ff99b029000 	C:\WINDOWS\System32\bcryptPrimitives.dll
0x00007ff983c60000 - 0x00007ff983c9c000 	C:\Program Files\Eclipse Adoptium\jdk-21.0.6.7-hotspot\bin\jdwp.dll
0x00007ff997e30000 - 0x00007ff997e3f000 	C:\Program Files\Eclipse Adoptium\jdk-21.0.6.7-hotspot\bin\instrument.dll
0x00007ff9839a0000 - 0x00007ff9839bf000 	C:\Program Files\Eclipse Adoptium\jdk-21.0.6.7-hotspot\bin\java.dll
0x00007ff99d170000 - 0x00007ff99d899000 	C:\WINDOWS\System32\SHELL32.dll
0x00007ff99b1b0000 - 0x00007ff99b318000 	C:\WINDOWS\System32\wintypes.dll
0x00007ff998bc0000 - 0x00007ff999412000 	C:\WINDOWS\SYSTEM32\windows.storage.dll
0x00007ff99c230000 - 0x00007ff99c31d000 	C:\WINDOWS\System32\SHCORE.dll
0x00007ff99ca90000 - 0x00007ff99caf4000 	C:\WINDOWS\System32\shlwapi.dll
0x00007ff99adc0000 - 0x00007ff99adef000 	C:\WINDOWS\SYSTEM32\profapi.dll
0x00007ff997e20000 - 0x00007ff997e2b000 	C:\Program Files\Eclipse Adoptium\jdk-21.0.6.7-hotspot\bin\dt_socket.dll
0x00007ff999720000 - 0x00007ff999753000 	C:\WINDOWS\SYSTEM32\IPHLPAPI.DLL
0x00007ff99a210000 - 0x00007ff99a27a000 	C:\WINDOWS\system32\mswsock.dll
0x00007ff999760000 - 0x00007ff999885000 	C:\WINDOWS\SYSTEM32\DNSAPI.dll
0x00007ff99c490000 - 0x00007ff99c49a000 	C:\WINDOWS\System32\NSI.dll
0x00007ff990830000 - 0x00007ff99083b000 	C:\Windows\System32\rasadhlp.dll
0x00007ff993380000 - 0x00007ff993405000 	C:\WINDOWS\System32\fwpuclnt.dll
0x00007ff9833d0000 - 0x00007ff9833e8000 	C:\Program Files\Eclipse Adoptium\jdk-21.0.6.7-hotspot\bin\zip.dll
0x00007ff9836b0000 - 0x00007ff9836c0000 	C:\Program Files\Eclipse Adoptium\jdk-21.0.6.7-hotspot\bin\net.dll
0x00007ff995d60000 - 0x00007ff995e7d000 	C:\WINDOWS\SYSTEM32\WINHTTP.dll
0x00007ff983690000 - 0x00007ff9836a6000 	C:\Program Files\Eclipse Adoptium\jdk-21.0.6.7-hotspot\bin\nio.dll
0x00007ff981ac0000 - 0x00007ff981aca000 	C:\Program Files\Eclipse Adoptium\jdk-21.0.6.7-hotspot\bin\management.dll
0x00007ff9810c0000 - 0x00007ff9810cb000 	C:\Program Files\Eclipse Adoptium\jdk-21.0.6.7-hotspot\bin\management_ext.dll
0x00007ff99c220000 - 0x00007ff99c228000 	C:\WINDOWS\System32\PSAPI.DLL
0x00007ff97f6f0000 - 0x00007ff97f708000 	C:\WINDOWS\system32\napinsp.dll
0x00007ff97f710000 - 0x00007ff97f722000 	C:\WINDOWS\System32\winrnr.dll
0x00007ff97f7a0000 - 0x00007ff97f7d0000 	C:\WINDOWS\system32\nlansp_c.dll
0x00007ff97f7e0000 - 0x00007ff97f7f6000 	C:\WINDOWS\system32\wshbth.dll
0x00007ff99a4b0000 - 0x00007ff99a4cc000 	C:\WINDOWS\SYSTEM32\CRYPTSP.dll
0x00007ff999c50000 - 0x00007ff999c8a000 	C:\WINDOWS\system32\rsaenh.dll
0x00007ff99a2b0000 - 0x00007ff99a2db000 	C:\WINDOWS\SYSTEM32\USERENV.dll
0x00007ff99ae00000 - 0x00007ff99ae26000 	C:\WINDOWS\SYSTEM32\bcrypt.dll
0x00007ff99a4d0000 - 0x00007ff99a4dc000 	C:\WINDOWS\SYSTEM32\CRYPTBASE.dll
0x00007ff9825f0000 - 0x00007ff9825f9000 	C:\Program Files\Eclipse Adoptium\jdk-21.0.6.7-hotspot\bin\extnet.dll
0x00007ff982ca0000 - 0x00007ff982cb0000 	C:\Program Files\Eclipse Adoptium\jdk-21.0.6.7-hotspot\bin\verify.dll
0x00007ff982ba0000 - 0x00007ff982bae000 	C:\Program Files\Eclipse Adoptium\jdk-21.0.6.7-hotspot\bin\sunmscapi.dll
0x00007ff99b030000 - 0x00007ff99b1a7000 	C:\WINDOWS\System32\CRYPT32.dll
0x00007ff99a6b0000 - 0x00007ff99a6e0000 	C:\WINDOWS\SYSTEM32\ncrypt.dll
0x00007ff99a660000 - 0x00007ff99a69f000 	C:\WINDOWS\SYSTEM32\NTASN1.dll
0x00007ff998040000 - 0x00007ff998048000 	C:\WINDOWS\system32\wshunix.dll

dbghelp: loaded successfully - version: 4.0.5 - missing functions: none
symbol engine: initialized successfully - sym options: 0x614 - pdb path: .;C:\Program Files\Eclipse Adoptium\jdk-21.0.6.7-hotspot\bin;C:\WINDOWS\SYSTEM32;C:\Program Files\Avast Software\Avast;C:\WINDOWS\WinSxS\amd64_microsoft.windows.common-controls_6595b64144ccf1df_6.0.26100.3624_none_3e086962e3345f24;C:\Program Files\Eclipse Adoptium\jdk-21.0.6.7-hotspot\bin\server

VM Arguments:
jvm_args: -XX:+ShowCodeDetailsInExceptionMessages -agentlib:jdwp=transport=dt_socket,suspend=y,address=localhost:49603 -Dcom.sun.management.jmxremote -Dcom.sun.management.jmxremote.port=49602 -Dcom.sun.management.jmxremote.authenticate=false -Dcom.sun.management.jmxremote.ssl=false -Djava.rmi.server.hostname=localhost -Dspring.jmx.enabled=true -Dmanagement.endpoints.jmx.exposure.include=* -Dspring.application.admin.enabled=true -Dspring.output.ansi.enabled=always -XX:TieredStopAtLevel=1 -Dspring.boot.project.name=mut -javaagent:C:\Users\nicol\eclipse\jee-2025-03\eclipse\configuration\org.eclipse.osgi\440\0\.cp\lib\javaagent-shaded.jar -Dfile.encoding=UTF-8 -Dstdout.encoding=UTF-8 -Dstderr.encoding=UTF-8 
java_command: com.projeto.mut.MutApplication
java_class_path (initial): C:\Users\nicol\OneDrive\rea de Trabalho\MUT\BACKEND\mut\target\classes;C:\Users\nicol\.m2\repository\org\springframework\boot\spring-boot-starter-data-jdbc\3.4.3\spring-boot-starter-data-jdbc-3.4.3.jar;C:\Users\nicol\.m2\repository\org\springframework\boot\spring-boot-starter-jdbc\3.4.3\spring-boot-starter-jdbc-3.4.3.jar;C:\Users\nicol\.m2\repository\com\zaxxer\HikariCP\5.1.0\HikariCP-5.1.0.jar;C:\Users\nicol\.m2\repository\org\springframework\spring-jdbc\6.2.3\spring-jdbc-6.2.3.jar;C:\Users\nicol\.m2\repository\org\springframework\data\spring-data-jdbc\3.4.3\spring-data-jdbc-3.4.3.jar;C:\Users\nicol\.m2\repository\org\springframework\data\spring-data-relational\3.4.3\spring-data-relational-3.4.3.jar;C:\Users\nicol\.m2\repository\org\springframework\data\spring-data-commons\3.4.3\spring-data-commons-3.4.3.jar;C:\Users\nicol\.m2\repository\org\springframework\spring-tx\6.2.3\spring-tx-6.2.3.jar;C:\Users\nicol\.m2\repository\org\springframework\spring-context\6.2.3\spring-context-6.2.3.jar;C:\Users\nicol\.m2\repository\org\springframework\spring-beans\6.2.3\spring-beans-6.2.3.jar;C:\Users\nicol\.m2\repository\org\springframework\boot\spring-boot-starter-data-jpa\3.4.3\spring-boot-starter-data-jpa-3.4.3.jar;C:\Users\nicol\.m2\repository\org\springframework\boot\spring-boot-starter\3.4.3\spring-boot-starter-3.4.3.jar;C:\Users\nicol\.m2\repository\org\springframework\boot\spring-boot-starter-logging\3.4.3\spring-boot-starter-logging-3.4.3.jar;C:\Users\nicol\.m2\repository\ch\qos\logback\logback-classic\1.5.16\logback-classic-1.5.16.jar;C:\Users\nicol\.m2\repository\ch\qos\logback\logback-core\1.5.16\logback-core-1.5.16.jar;C:\Users\nicol\.m2\repository\org\apache\logging\log4j\log4j-to-slf4j\2.24.3\log4j-to-slf4j-2.24.3.jar;C:\Users\nicol\.m2\repository\org\apache\logging\log4j\log4j-api\2.24.3\log4j-api-2.24.3.jar;C:\Users\nicol\.m2\repository\org\slf4j\jul-to-slf4j\2.0.16\jul-to-slf4j-2.0.16.jar;C:\Users\nicol\.m2\repository\jakarta\annotation\jakarta.annotation-api\2.1.1\jakarta.annotation-api-2.1.1.jar;C:\Users\nicol\.m2\repository\org\yaml\snakeyaml\2.3\snakeyaml-2.3.jar;C:\Users\nicol\.m2\repository\org\hibernate\orm\hibernate-core\6.6.8.Final\hibernate-core-6.6.8.Final.jar;C:\Users\nicol\.m2\repository\jakarta\persistence\jakarta.persistence-api\3.1.0\jakarta.persistence-api-3.1.0.jar;C:\Users\nicol\.m2\repository\jakarta\transaction\jakarta.transaction-api\2.0.1\jakarta.transaction-api-2.0.1.jar;C:\Users\nicol\.m2\repository\org\jboss\logging\jboss-logging\3.6.1.Final\jboss-logging-3.6.1.Final.jar;C:\Users\nicol\.m2\repository\org\hibernate\common\hibernate-commons-annotations\7.0.3.Final\hibernate-commons-annotations-7.0.3.Final.jar;C:\Users\nicol\.m2\repository\io\smallrye\jandex\3.2.0\jandex-3.2.0.jar;C:\Users\nicol\.m2\repository\com\fasterxml\classmate\1.7.0\classmate-1.7.0.jar;C:\Users\nicol\.m2\repository\net\bytebuddy\byte-buddy\1.15.11\byte-buddy-1.15.11.jar;C:\Users\nicol\.m2\repository\org\glassfish\jaxb\jaxb-runtime\4.0.5\jaxb-runtime-4.0.5.jar;C:\Users\nicol\.m2\repository\org\glassfish\jaxb\jaxb-core\4.0.5\jaxb-core-4.0.5.jar;C:\Users\nicol\.m2\repository\org\eclipse\angus\angus-activation\2.0.2\angus-activation-2.0.2.jar;C:\Users\nicol\.m2\repository\org\glassfish\jaxb\txw2\4.0.5\txw2-4.0.5.jar;C:\Users\nicol\.m2\repository\com\sun\istack\istack-commons-runtime\4.1.2\istack-commons-runtime-4.1.2.jar;C:\Users\nicol\.m2\repository\jakarta\inject\jakarta.inject-api\2.0.1\jakarta.inject-api-2.0.1.jar;C:\Users\nicol\.m2\repository\org\antlr\antlr4-runtime\4.13.0\antlr4-runtime-4.13.0.jar;C:\Users\nicol\.m2\repository\org\springframework\data\spring-data-jpa\3.4.3\spring-data-jpa-3.4.3.jar;C:\Users\nicol\.m2\repository\org\springframework\spring-orm\6.2.3\spring-orm-6.2.3.jar;C:\Users\nicol\.m2\repository\org\springframework\spring-aspects\6.2.3\spring-aspects-6.2.3.jar;C:\Users\nicol\.m2\repository\org\aspectj\aspectjweaver\1.9.22.1\aspectjweaver-1.9.22.1.jar;C:\Users\nicol\.m2\repository\org\springframework\boot\spring-boot-starter-security\3.4.3\spring-boot-starter-security-3.4.3.jar;C:\Users\nicol\.m2\repository\org\springframework\spring-aop\6.2.3\spring-aop-6.2.3.jar;C:\Users\nicol\.m2\repository\org\springframework\security\spring-security-config\6.4.3\spring-security-config-6.4.3.jar;C:\Users\nicol\.m2\repository\org\springframework\security\spring-security-web\6.4.3\spring-security-web-6.4.3.jar;C:\Users\nicol\.m2\repository\org\springframework\spring-expression\6.2.3\spring-expression-6.2.3.jar;C:\Users\nicol\.m2\repository\org\springframework\boot\spring-boot-starter-thymeleaf\3.4.3\spring-boot-starter-thymeleaf-3.4.3.jar;C:\Users\nicol\.m2\repository\org\thymeleaf\thymeleaf-spring6\3.1.3.RELEASE\thymeleaf-spring6-3.1.3.RELEASE.jar;C:\Users\nicol\.m2\repository\org\thymeleaf\thymeleaf\3.1.3.RELEASE\thymeleaf-3.1.3.RELEASE.jar;C:\Users\nicol\.m2\repository\org\attoparser\attoparser\2.0.7.RELEASE\attoparser-2.0.7.RELEASE.jar;C:\Users\nicol\.m2\repository\org\unbescape\unbescape\1.1.6.RELEASE\unbescape-1.1.6.RELEASE.jar;C:\Users\nicol\.m2\repository\org\springframework\boot\spring-boot-starter-web\3.4.3\spring-boot-starter-web-3.4.3.jar;C:\Users\nicol\.m2\repository\org\springframework\boot\spring-boot-starter-json\3.4.3\spring-boot-starter-json-3.4.3.jar;C:\Users\nicol\.m2\repository\com\fasterxml\jackson\datatype\jackson-datatype-jdk8\2.18.2\jackson-datatype-jdk8-2.18.2.jar;C:\Users\nicol\.m2\repository\com\fasterxml\jackson\datatype\jackson-datatype-jsr310\2.18.2\jackson-datatype-jsr310-2.18.2.jar;C:\Users\nicol\.m2\repository\com\fasterxml\jackson\module\jackson-module-parameter-names\2.18.2\jackson-module-parameter-names-2.18.2.jar;C:\Users\nicol\.m2\repository\org\springframework\boot\spring-boot-starter-tomcat\3.4.3\spring-boot-starter-tomcat-3.4.3.jar;C:\Users\nicol\.m2\repository\org\apache\tomcat\embed\tomcat-embed-core\10.1.36\tomcat-embed-core-10.1.36.jar;C:\Users\nicol\.m2\repository\org\apache\tomcat\embed\tomcat-embed-websocket\10.1.36\tomcat-embed-websocket-10.1.36.jar;C:\Users\nicol\.m2\repository\org\springframework\spring-web\6.2.3\spring-web-6.2.3.jar;C:\Users\nicol\.m2\repository\io\micrometer\micrometer-observation\1.14.4\micrometer-observation-1.14.4.jar;C:\Users\nicol\.m2\repository\io\micrometer\micrometer-commons\1.14.4\micrometer-commons-1.14.4.jar;C:\Users\nicol\.m2\repository\org\springframework\spring-webmvc\6.2.3\spring-webmvc-6.2.3.jar;C:\Users\nicol\.m2\repository\org\thymeleaf\extras\thymeleaf-extras-springsecurity6\3.1.3.RELEASE\thymeleaf-extras-springsecurity6-3.1.3.RELEASE.jar;C:\Users\nicol\.m2\repository\org\slf4j\slf4j-api\2.0.16\slf4j-api-2.0.16.jar;C:\Users\nicol\.m2\repository\org\springframework\boot\spring-boot-devtools\3.4.3\spring-boot-devtools-3.4.3.jar;C:\Users\nicol\.m2\repository\org\springframework\boot\spring-boot\3.4.3\spring-boot-3.4.3.jar;C:\Users\nicol\.m2\repository\org\springframework\boot\spring-boot-autoconfigure\3.4.3\spring-boot-autoconfigure-3.4.3.jar;C:\Users\nicol\.m2\repository\org\postgresql\postgresql\42.7.5\postgresql-42.7.5.jar;C:\Users\nicol\.m2\repository\org\checkerframework\checker-qual\3.48.3\checker-qual-3.48.3.jar;C:\Users\nicol\.m2\repository\jakarta\xml\bind\jakarta.xml.bind-api\4.0.2\jakarta.xml.bind-api-4.0.2.jar;C:\Users\nicol\.m2\repository\jakarta\activation\jakarta.activation-api\2.1.3\jakarta.activation-api-2.1.3.jar;C:\Users\nicol\.m2\repository\org\springframework\spring-core\6.2.3\spring-core-6.2.3.jar;C:\Users\nicol\.m2\repository\org\springframework\spring-jcl\6.2.3\spring-jcl-6.2.3.jar;C:\Users\nicol\.m2\repository\org\springframework\security\spring-security-core\6.4.3\spring-security-core-6.4.3.jar;C:\Users\nicol\.m2\repository\org\springframework\security\spring-security-crypto\6.4.3\spring-security-crypto-6.4.3.jar;C:\Users\nicol\.m2\repository\org\springframework\boot\spring-boot-starter-validation\3.4.3\spring-boot-starter-validation-3.4.3.jar;C:\Users\nicol\.m2\repository\org\apache\tomcat\embed\tomcat-embed-el\10.1.36\tomcat-embed-el-10.1.36.jar;C:\Users\nicol\.m2\repository\org\hibernate\validator\hibernate-validator\8.0.2.Final\hibernate-validator-8.0.2.Final.jar;C:\Users\nicol\.m2\repository\jakarta\validation\jakarta.validation-api\3.0.2\jakarta.validation-api-3.0.2.jar;C:\Users\nicol\.m2\repository\com\auth0\java-jwt\4.5.0\java-jwt-4.5.0.jar;C:\Users\nicol\.m2\repository\com\fasterxml\jackson\core\jackson-core\2.18.2\jackson-core-2.18.2.jar;C:\Users\nicol\.m2\repository\com\fasterxml\jackson\core\jackson-databind\2.18.2\jackson-databind-2.18.2.jar;C:\Users\nicol\.m2\repository\com\fasterxml\jackson\core\jackson-annotations\2.18.2\jackson-annotations-2.18.2.jar
Launcher Type: SUN_STANDARD

[Global flags]
     intx CICompilerCount                          = 4                                         {product} {ergonomic}
     uint ConcGCThreads                            = 3                                         {product} {ergonomic}
     uint G1ConcRefinementThreads                  = 10                                        {product} {ergonomic}
   size_t G1HeapRegionSize                         = 1048576                                   {product} {ergonomic}
    uintx GCDrainStackTargetSize                   = 64                                        {product} {ergonomic}
   size_t InitialHeapSize                          = 125829120                                 {product} {ergonomic}
     bool ManagementServer                         = true                                      {product} {command line}
   size_t MarkStackSize                            = 4194304                                   {product} {ergonomic}
   size_t MaxHeapSize                              = 1986002944                                {product} {ergonomic}
   size_t MaxNewSize                               = 1191182336                                {product} {ergonomic}
   size_t MinHeapDeltaBytes                        = 1048576                                   {product} {ergonomic}
   size_t MinHeapSize                              = 8388608                                   {product} {ergonomic}
    uintx NonNMethodCodeHeapSize                   = 4096                                   {pd product} {ergonomic}
    uintx NonProfiledCodeHeapSize                  = 0                                      {pd product} {ergonomic}
     bool ProfileInterpreter                       = false                                  {pd product} {command line}
    uintx ProfiledCodeHeapSize                     = 0                                      {pd product} {ergonomic}
     bool ShowCodeDetailsInExceptionMessages       = true                                   {manageable} {command line}
   size_t SoftMaxHeapSize                          = 1986002944                             {manageable} {ergonomic}
     intx TieredStopAtLevel                        = 1                                         {product} {command line}
     bool UseCompressedOops                        = true                           {product lp64_product} {ergonomic}
     bool UseG1GC                                  = true                                      {product} {ergonomic}
     bool UseLargePagesIndividualAllocation        = false                                  {pd product} {ergonomic}

Logging:
Log output configuration:
 #0: stdout all=warning uptime,level,tags foldmultilines=false
 #1: stderr all=off uptime,level,tags foldmultilines=false

Environment Variables:
JAVA_HOME=C:\Program Files\Eclipse Adoptium\jdk-21.0.6.7-hotspot\
PATH=C:/Program Files/Eclipse Adoptium/jdk-21.0.6.7-hotspot/bin/server;C:/Program Files/Eclipse Adoptium/jdk-21.0.6.7-hotspot/bin;C:\Program Files\Eclipse Adoptium\jdk-21.0.6.7-hotspot\bin;C:\Program Files\Common Files\Oracle\Java\javapath;C:\Python312\Scripts\;C:\Python312\;C:\WINDOWS\system32;C:\WINDOWS;C:\WINDOWS\System32\Wbem;C:\WINDOWS\System32\WindowsPowerShell\v1.0\;C:\WINDOWS\System32\OpenSSH\;C:\Program Files\nodejs\;C:\ProgramData\chocolatey\bin;C:\Program Files\Git\cmd;C:\apache-maven-3.9.9-bin\apache-maven-3.9.9\bin;C:\Users\nicol\AppData\Local\Microsoft\WindowsApps;C:\Users\nicol\AppData\Roaming\npm;C:\Users\nicol\AppData\Local\Programs\Microsoft VS Code\bin;;C:\Users\nicol\eclipse\jee-2025-03\eclipse;
USERNAME=nicol
OS=Windows_NT
PROCESSOR_IDENTIFIER=AMD64 Family 25 Model 80 Stepping 0, AuthenticAMD
TMP=C:\Users\nicol\AppData\Local\Temp
TEMP=C:\Users\nicol\AppData\Local\Temp




Periodic native trim disabled

---------------  S Y S T E M  ---------------

OS:
 Windows 11 , 64 bit Build 26100 (10.0.26100.3775)
OS uptime: 2 days 3:20 hours

CPU: total 12 (initial active 12) (12 cores per cpu, 2 threads per core) family 25 model 80 stepping 0 microcode 0xa50000d, cx8, cmov, fxsr, ht, mmx, 3dnowpref, sse, sse2, sse3, ssse3, sse4a, sse4.1, sse4.2, popcnt, lzcnt, tsc, tscinvbit, avx, avx2, aes, erms, clmul, bmi1, bmi2, adx, sha, fma, vzeroupper, clflush, clflushopt, rdtscp, rdpid, fsrm, f16c, pku, cet_ss
Processor Information for the first 12 processors :
  Max Mhz: 3600, Current Mhz: 3600, Mhz Limit: 3600

Memory: 4k page, system-wide physical 7569M (986M free)
TotalPageFile size 22463M (AvailPageFile size 1909M)
current process WorkingSet (physical memory assigned to process): 243M, peak: 262M
current process commit charge ("private bytes"): 306M, peak: 317M

vm_info: OpenJDK 64-Bit Server VM (21.0.6+7-LTS) for windows-amd64 JRE (21.0.6+7-LTS), built on 2025-01-21T00:00:00Z by "admin" with MS VC++ 17.7 (VS2022)

END.
